airflow-3831 is analyzed... Finished process in 10.446918964385986 seconds.
airflow-4674 is analyzed... Finished process in 10.395304441452026 seconds.
airflow-5686 is analyzed... Finished process in 26.337700366973877 seconds.
airflow-6036 is analyzed... Finished process in 27.254279851913452 seconds.
airflow-8151 is analyzed... Finished process in 44.182717084884644 seconds.
airflow-14686 is analyzed... Finished process in 25.899734258651733 seconds.
beets-3360 is analyzed... Finished process in 7.346203565597534 seconds.
core-8065 is analyzed... Finished process in 1.7959706783294678 seconds.
core-29829 is analyzed... Finished process in 38.181729555130005 seconds.
core-32222 is analyzed... Finished process in 41.06498956680298 seconds.
core-32318 is analyzed... Finished process in 41.8875617980957 seconds.
core-38605 is analyzed... Finished process in 45.91286277770996 seconds.
core-40034 is analyzed... Finished process in 47.71172094345093 seconds.
pandas-17609 is analyzed... Finished process in 117.38813734054565 seconds.
pandas-20938 is analyzed... Finished process in 0.17220473289489746 seconds.
pandas-21540 is analyzed... Finished process in 0.21110749244689941 seconds.
pandas-22378 is analyzed... Finished process in 118.9602837562561 seconds.
pandas-22804 is analyzed... Finished process in 0.285963773727417 seconds.
pandas-24572 is analyzed... Finished process in 0.2694120407104492 seconds.
pandas-28412 is analyzed... Finished process in 200.80174493789673 seconds.
pandas-30532 is analyzed... Finished process in 118.40559983253479 seconds.
pandas-36950 is analyzed... Finished process in 114.36704802513123 seconds.
pandas-37547 is analyzed... Finished process in 119.54807567596436 seconds.
pandas-38431 is analyzed... Finished process in 123.45997047424316 seconds.
pandas-39028-1 is analyzed... Finished process in 137.14361190795898 seconds.
pandas-39028-2 is analyzed... Finished process in 140.2114622592926 seconds.
rasa-8704 is analyzed... Finished process in 30.908766984939575 seconds.
requests-3179 is analyzed... Finished process in 0.5684068202972412 seconds.
requests-3368 is analyzed... Finished process in 6.199434041976929 seconds.
salt-33908 is analyzed... Finished process in 0.21375775337219238 seconds.
salt-38947 is analyzed... Finished process in 0.16295981407165527 seconds.
salt-52624 is analyzed... Finished process in 75.89202785491943 seconds.
salt-53394 is analyzed... Finished process in 74.17503190040588 seconds.
salt-54240 is analyzed... Finished process in 76.59566617012024 seconds.
salt-54785 is analyzed... Finished process in 76.98894000053406 seconds.
salt-56381 is analyzed... Finished process in 82.65423083305359 seconds.
sanic-1334 is analyzed... Finished process in 2.1712305545806885 seconds.
scikitlearn-7259 is analyzed... Finished process in 2.14780855178833 seconds.
scikitlearn-8973 is analyzed... Finished process in 2.1509857177734375 seconds.
scikitlearn-12603 is analyzed... Finished process in 2.4784255027770996 seconds.
Zappa-388 is analyzed... Finished process in 0.16762351989746094 seconds.
ansible-1 is analyzed... Finished process in 1.627195119857788 seconds.
keras-34 is analyzed... Finished process in 5.289017677307129 seconds.
keras-39 is analyzed... Finished process in 5.112967491149902 seconds.
luigi-4 is analyzed... Finished process in 2.229989528656006 seconds.
luigi-14 is analyzed... Finished process in 2.1527860164642334 seconds.
luigi-22 is analyzed... Finished process in 1.9393844604492188 seconds.
luigi-25 is analyzed... Finished process in 1.762665033340454 seconds.
pandas-49 is analyzed... Finished process in 120.52555060386658 seconds.
pandas-57 is analyzed... Finished process in 126.7203118801117 seconds.
pandas-158 is analyzed... Finished process in 224.0735218524933 seconds.
scrapy-2 is analyzed... Finished process in 7.468962669372559 seconds.
scrapy-20 is analyzed... Finished process in 7.140861988067627 seconds.
scrapy-30 is analyzed... Finished process in 7.505427122116089 seconds.
spacy-5 is analyzed... Finished process in 5.05044150352478 seconds.
tqdm-3 is analyzed... Finished process in 2.1149637699127197 seconds.
youtubedl-16 is analyzed... Finished process in 10.2011878490448 seconds.
