airflow-3831 is analyzed... Finished process in 11.882626056671143 seconds.
airflow-4674 is analyzed... Finished process in 11.73227858543396 seconds.
airflow-5686 is analyzed... Finished process in 26.105713605880737 seconds.
airflow-6036 is analyzed... Finished process in 26.80613923072815 seconds.
airflow-8151 is analyzed... Finished process in 45.685566663742065 seconds.
airflow-14686 is analyzed... Finished process in 25.152450561523438 seconds.
beets-3360 is analyzed... Finished process in 7.637163162231445 seconds.
core-8065 is analyzed... Finished process in 1.9019341468811035 seconds.
core-29829 is analyzed... Finished process in 38.4703643321991 seconds.
core-32222 is analyzed... Finished process in 41.06817126274109 seconds.
core-32318 is analyzed... Finished process in 39.10357904434204 seconds.
core-38605 is analyzed... Finished process in 47.31970262527466 seconds.
core-40034 is analyzed... Finished process in 46.6418080329895 seconds.
pandas-17609 is analyzed... Finished process in 106.7942726612091 seconds.
pandas-20938 is analyzed... Finished process in 0.2061762809753418 seconds.
pandas-21540 is analyzed... Finished process in 0.1691265106201172 seconds.
pandas-22378 is analyzed... Finished process in 110.20500111579895 seconds.
pandas-22804 is analyzed... Finished process in 0.25900769233703613 seconds.
pandas-24572 is analyzed... Finished process in 0.2730717658996582 seconds.
pandas-28412 is analyzed... Finished process in 209.49468064308167 seconds.
pandas-30532 is analyzed... Finished process in 123.38651704788208 seconds.
pandas-36950 is analyzed... Finished process in 118.71378946304321 seconds.
pandas-37547 is analyzed... Finished process in 119.48211288452148 seconds.
pandas-38431 is analyzed... Finished process in 119.17771053314209 seconds.
pandas-39028-1 is analyzed... Finished process in 120.95539450645447 seconds.
pandas-39028-2 is analyzed... Finished process in 130.8750913143158 seconds.
pandas-41915 is analyzed... Finished process in 129.5899350643158 seconds.
rasa-8704 is analyzed... Finished process in 27.864123106002808 seconds.
requests-3179 is analyzed... Finished process in 7.525957107543945 seconds.
requests-3368 is analyzed... Finished process in 7.482471466064453 seconds.
salt-33908 is analyzed... Finished process in 61.69617438316345 seconds.
salt-38947 is analyzed... Finished process in 67.63345313072205 seconds.
salt-52624 is analyzed... Finished process in 82.2499897480011 seconds.
salt-53394 is analyzed... Finished process in 76.0805287361145 seconds.
salt-54240 is analyzed... Finished process in 85.8130235671997 seconds.
salt-54785 is analyzed... Finished process in 81.84344530105591 seconds.
salt-56381 is analyzed... Finished process in 85.90630555152893 seconds.
sanic-1334 is analyzed... Finished process in 2.1252474784851074 seconds.
scikitlearn-7259 is analyzed... Finished process in 97.62318968772888 seconds.
scikitlearn-8973 is analyzed... Finished process in 98.56955075263977 seconds.
scikitlearn-12603 is analyzed... Finished process in 110.16424369812012 seconds.
Zappa-388 is analyzed... Finished process in 0.13415980339050293 seconds.
ansible-1 is analyzed... Finished process in 1.5947754383087158 seconds.
keras-34 is analyzed... Finished process in 5.195532560348511 seconds.
keras-39 is analyzed... Finished process in 5.073385000228882 seconds.
luigi-4 is analyzed... Finished process in 2.1993038654327393 seconds.
luigi-14 is analyzed... Finished process in 2.0995824337005615 seconds.
luigi-22 is analyzed... Finished process in 1.9254467487335205 seconds.
luigi-25 is analyzed... Finished process in 1.769129753112793 seconds.
pandas-49 is analyzed... Finished process in 116.3144907951355 seconds.
pandas-57 is analyzed... Finished process in 113.65592789649963 seconds.
pandas-158 is analyzed... Finished process in 196.69570994377136 seconds.
scrapy-2 is analyzed... Finished process in 8.995859622955322 seconds.
scrapy-20 is analyzed... Finished process in 7.911548137664795 seconds.
scrapy-30 is analyzed... Finished process in 7.930717945098877 seconds.
spacy-5 is analyzed... Finished process in 5.690007209777832 seconds.
tqdm-3 is analyzed... Finished process in 2.1250216960906982 seconds.
youtubedl-16 is analyzed... Finished process in 10.667319536209106 seconds.
