airflow-3831 is analyzed... Finished process in 12.788575410842896 seconds.
airflow-4674 is analyzed... Finished process in 18.19258403778076 seconds.
airflow-5686 is analyzed... Finished process in 36.81658172607422 seconds.
airflow-6036 is analyzed... Finished process in 37.15392994880676 seconds.
airflow-8151 is analyzed... Finished process in 59.23249912261963 seconds.
airflow-14686 is analyzed... Finished process in 3.932743549346924 seconds.
beets-3360 is analyzed... Finished process in 0.645287036895752 seconds.
core-8065 is analyzed... Finished process in 2.0704071521759033 seconds.
core-29829 is analyzed... Finished process in 7.1479315757751465 seconds.
core-32222 is analyzed... Finished process in 61.8486487865448 seconds.
core-32318 is analyzed... Finished process in 7.8267881870269775 seconds.
core-38605 is analyzed... Finished process in 8.837065935134888 seconds.
core-40034 is analyzed... Finished process in 9.037960290908813 seconds.
pandas-17609 is analyzed... Finished process in 126.49547934532166 seconds.
pandas-20938 is analyzed... Finished process in 0.7004585266113281 seconds.
pandas-21540 is analyzed... Finished process in 0.34926629066467285 seconds.
pandas-22378 is analyzed... Finished process in 136.3380970954895 seconds.
pandas-22804 is analyzed... Finished process in 0.4486572742462158 seconds.
pandas-24572 is analyzed... Finished process in 2.3583505153656006 seconds.
pandas-28412 is analyzed... Finished process in 242.86501717567444 seconds.
pandas-30532 is analyzed... Finished process in 151.73404932022095 seconds.
pandas-36950 is analyzed... Finished process in 145.33665132522583 seconds.
pandas-37547 is analyzed... Finished process in 154.83611845970154 seconds.
pandas-38431 is analyzed... Finished process in 153.36832642555237 seconds.
pandas-39028-1 is analyzed... Finished process in 186.3494462966919 seconds.
pandas-39028-2 is analyzed... Finished process in 162.89058303833008 seconds.
rasa-8704 is analyzed... Finished process in 0.20599865913391113 seconds.
requests-3179 is analyzed... Finished process in 13.860756874084473 seconds.
requests-3368 is analyzed... Finished process in 12.93914794921875 seconds.
salt-33908 is analyzed... Finished process in 0.2690396308898926 seconds.
salt-38947 is analyzed... Finished process in 0.2346053123474121 seconds.
salt-52624 is analyzed... Finished process in 7.1395251750946045 seconds.
salt-53394 is analyzed... Finished process in 6.264873027801514 seconds.
salt-54240 is analyzed... Finished process in 7.1321094036102295 seconds.
salt-54785 is analyzed... Finished process in 8.148382663726807 seconds.
salt-56381 is analyzed... Finished process in 7.889036417007446 seconds.
sanic-1334 is analyzed... Finished process in 0.25650930404663086 seconds.
scikitlearn-7259 is analyzed... Finished process in 0.27648067474365234 seconds.
scikitlearn-8973 is analyzed... Finished process in 0.2976503372192383 seconds.
scikitlearn-12603 is analyzed... Finished process in 0.3355824947357178 seconds.
Zappa-388 is analyzed... Finished process in 0.14890623092651367 seconds.
ansible-1 is analyzed... Finished process in 0.1397261619567871 seconds.
keras-34 is analyzed... Finished process in 0.13960862159729004 seconds.
keras-39 is analyzed... Finished process in 0.14204978942871094 seconds.
luigi-4 is analyzed... Finished process in 0.14420151710510254 seconds.
luigi-14 is analyzed... Finished process in 0.17549848556518555 seconds.
luigi-22 is analyzed... Finished process in 0.15122628211975098 seconds.
luigi-25 is analyzed... Finished process in 0.15670251846313477 seconds.
pandas-49 is analyzed... Finished process in 0.14946222305297852 seconds.
pandas-57 is analyzed... Finished process in 0.180192232131958 seconds.
pandas-158 is analyzed... Finished process in 0.14385700225830078 seconds.
scrapy-2 is analyzed... Finished process in 0.14341259002685547 seconds.
scrapy-20 is analyzed... Finished process in 0.1743788719177246 seconds.
scrapy-30 is analyzed... Finished process in 0.1396181583404541 seconds.
spacy-5 is analyzed... Finished process in 0.15032315254211426 seconds.
tqdm-3 is analyzed... Finished process in 0.14476823806762695 seconds.
youtubedl-16 is analyzed... Finished process in 0.1415548324584961 seconds.
