airflow-3831 is analyzed... Finished process in 12.788691759109497 seconds.
airflow-4674 is analyzed... Finished process in 13.2659010887146 seconds.
airflow-5686 is analyzed... Finished process in 19.392839670181274 seconds.
airflow-6036 is analyzed... Finished process in 20.50337290763855 seconds.
airflow-8151 is analyzed... Finished process in 22.726877212524414 seconds.
airflow-14686 is analyzed... Finished process in 26.1658194065094 seconds.
beets-3360 is analyzed... Finished process in 6.641356945037842 seconds.
core-8065 is analyzed... Finished process in 4.416951656341553 seconds.
core-29829 is analyzed... Finished process in 45.72575902938843 seconds.
core-32222 is analyzed... Finished process in 47.71754002571106 seconds.
core-32318 is analyzed... Finished process in 39.53530550003052 seconds.
core-38605 is analyzed... Finished process in 53.518195152282715 seconds.
core-40034 is analyzed... Finished process in 52.623847246170044 seconds.
pandas-17609 is analyzed... Finished process in 71.9336097240448 seconds.
pandas-20938 is analyzed... Finished process in 0.24124431610107422 seconds.
pandas-21540 is analyzed... Finished process in 0.2101750373840332 seconds.
pandas-22378 is analyzed... Finished process in 80.98794054985046 seconds.
pandas-22804 is analyzed... Finished process in 0.40624523162841797 seconds.
pandas-24572 is analyzed... Finished process in 0.3001396656036377 seconds.
pandas-28412 is analyzed... Finished process in 106.5351893901825 seconds.
pandas-30532 is analyzed... Finished process in 87.16991424560547 seconds.
pandas-36950 is analyzed... Finished process in 98.9466917514801 seconds.
pandas-37547 is analyzed... Finished process in 95.37976574897766 seconds.
pandas-38431 is analyzed... Finished process in 94.72286176681519 seconds.
pandas-39028-1 is analyzed... Finished process in 103.3042402267456 seconds.
pandas-39028-2 is analyzed... Finished process in 116.69302153587341 seconds.
pandas-41915 is analyzed... Finished process in 107.28887796401978 seconds.
rasa-8704 is analyzed... Finished process in 21.51384735107422 seconds.
requests-3179 is analyzed... Finished process in 5.772382736206055 seconds.
requests-3368 is analyzed... Finished process in 5.534073114395142 seconds.
salt-33908 is analyzed... Finished process in 0.35654735565185547 seconds.
salt-38947 is analyzed... Finished process in 0.3416111469268799 seconds.
salt-52624 is analyzed... Finished process in 59.941505908966064 seconds.
salt-53394 is analyzed... Finished process in 57.72063875198364 seconds.
salt-54240 is analyzed... Finished process in 59.74476170539856 seconds.
salt-54785 is analyzed... Finished process in 63.379103899002075 seconds.
salt-56381 is analyzed... Finished process in 62.04519176483154 seconds.
sanic-1334 is analyzed... Finished process in 2.8020527362823486 seconds.
scikitlearn-7259 is analyzed... Finished process in 34.0612576007843 seconds.
scikitlearn-8973 is analyzed... Finished process in 35.98290300369263 seconds.
scikitlearn-12603 is analyzed... Finished process in 43.851720571517944 seconds.
Zappa-388 is analyzed... Finished process in 0.18491125106811523 seconds.
ansible-1 is analyzed... Finished process in 2.3413076400756836 seconds.
keras-34 is analyzed... Finished process in 4.6419758796691895 seconds.
keras-39 is analyzed... Finished process in 4.7178239822387695 seconds.
luigi-4 is analyzed... Finished process in 3.858156442642212 seconds.
luigi-14 is analyzed... Finished process in 2.457245349884033 seconds.
luigi-22 is analyzed... Finished process in 2.394395112991333 seconds.
luigi-25 is analyzed... Finished process in 2.188016653060913 seconds.
pandas-49 is analyzed... Finished process in 80.66199326515198 seconds.
pandas-57 is analyzed... Finished process in 71.6332790851593 seconds.
pandas-158 is analyzed... Finished process in 90.18469381332397 seconds.
scrapy-2 is analyzed... Finished process in 4.380759239196777 seconds.
scrapy-20 is analyzed... Finished process in 3.434340476989746 seconds.
scrapy-30 is analyzed... Finished process in 4.371053695678711 seconds.
spacy-5 is analyzed... Finished process in 11.5274178981781 seconds.
tqdm-3 is analyzed... Finished process in 2.3735239505767822 seconds.
youtubedl-16 is analyzed... Finished process in 13.028290748596191 seconds.
cpython-6 is analyzed... Finished process in 0.19457387924194336 seconds.
matplotlib-3 is analyzed... Finished process in 27.17115545272827 seconds.
matplotlib-7 is analyzed... Finished process in 26.80479145050049 seconds.
matplotlib-8 is analyzed... Finished process in 24.533718585968018 seconds.
matplotlib-10 is analyzed... Finished process in 25.351004600524902 seconds.
numpy-8 is analyzed... Finished process in 18.780171394348145 seconds.
Pillow-14 is analyzed... Finished process in 2.481872081756592 seconds.
Pillow-15 is analyzed... Finished process in 2.179482936859131 seconds.
Pillow-16 is analyzed... Finished process in 1.9439773559570312 seconds.
Pillow-17 is analyzed... Finished process in 1.7911827564239502 seconds.
requests-1 is analyzed... Finished process in 2.872764825820923 seconds.
scipy-5 is analyzed... Finished process in 110.29659843444824 seconds.
sympy-5 is analyzed... Finished process in 182.18352460861206 seconds.
sympy-6 is analyzed... Finished process in 152.0237534046173 seconds.
sympy-36 is analyzed... Finished process in 190.56978297233582 seconds.
sympy-37 is analyzed... Finished process in 195.9671506881714 seconds.
sympy-40 is analyzed... Finished process in 0.2113659381866455 seconds.
sympy-42 is analyzed... Finished process in 142.32961678504944 seconds.
sympy-43 is analyzed... Finished process in 134.26422357559204 seconds.
sympy-44 is analyzed... Finished process in 60.62912583351135 seconds.
sympy-45 is analyzed... Finished process in 67.57738876342773 seconds.
sympy-48 is analyzed... Finished process in 0.24409723281860352 seconds.
sympy-49 is analyzed... Finished process in 0.2420809268951416 seconds.
sympy-60 is analyzed... Finished process in 0.25492238998413086 seconds.
