airflow-3831 is analyzed... Finished process in 9.598428964614868 seconds.
airflow-4674 is analyzed... Finished process in 10.754119873046875 seconds.
airflow-5686 is analyzed... Finished process in 26.15015721321106 seconds.
airflow-6036 is analyzed... Finished process in 26.378564596176147 seconds.
airflow-8151 is analyzed... Finished process in 41.365660667419434 seconds.
airflow-14686 is analyzed... Finished process in 23.162009954452515 seconds.
beets-3360 is analyzed... Finished process in 7.147691011428833 seconds.
core-8065 is analyzed... Finished process in 1.6846036911010742 seconds.
core-29829 is analyzed... Finished process in 36.551764249801636 seconds.
core-32222 is analyzed... Finished process in 45.262272357940674 seconds.
core-32318 is analyzed... Finished process in 50.12615180015564 seconds.
core-38605 is analyzed... Finished process in 69.17203569412231 seconds.
core-40034 is analyzed... Finished process in 66.52976846694946 seconds.
pandas-17609 is analyzed... Finished process in 138.81538081169128 seconds.
pandas-20938 is analyzed... Finished process in 0.28151512145996094 seconds.
pandas-21540 is analyzed... Finished process in 0.32224154472351074 seconds.
pandas-22378 is analyzed... Finished process in 153.01594638824463 seconds.
pandas-22804 is analyzed... Finished process in 0.466174840927124 seconds.
pandas-24572 is analyzed... Finished process in 0.481564998626709 seconds.
pandas-28412 is analyzed... Finished process in 233.41183876991272 seconds.
pandas-30532 is analyzed... Finished process in 131.06900072097778 seconds.
pandas-36950 is analyzed... Finished process in 141.6337833404541 seconds.
pandas-37547 is analyzed... Finished process in 132.59626054763794 seconds.
pandas-38431 is analyzed... Finished process in 136.9726004600525 seconds.
pandas-39028-1 is analyzed... Finished process in 140.0581955909729 seconds.
pandas-39028-2 is analyzed... Finished process in 136.34988355636597 seconds.
rasa-8704 is analyzed... Finished process in 28.850666999816895 seconds.
requests-3179 is analyzed... Finished process in 0.8006861209869385 seconds.
requests-3368 is analyzed... Finished process in 6.590280532836914 seconds.
salt-33908 is analyzed... Finished process in 0.18890762329101562 seconds.
salt-38947 is analyzed... Finished process in 0.20487260818481445 seconds.
salt-52624 is analyzed... Finished process in 82.59981226921082 seconds.
salt-53394 is analyzed... Finished process in 78.02218055725098 seconds.
salt-54240 is analyzed... Finished process in 82.41930317878723 seconds.
salt-54785 is analyzed... Finished process in 80.86435914039612 seconds.
salt-56381 is analyzed... Finished process in 88.93968987464905 seconds.
sanic-1334 is analyzed... Finished process in 2.1211588382720947 seconds.
scikitlearn-7259 is analyzed... Finished process in 3.5064146518707275 seconds.
scikitlearn-8973 is analyzed... Finished process in 3.5497395992279053 seconds.
scikitlearn-12603 is analyzed... Finished process in 3.516585350036621 seconds.
Zappa-388 is analyzed... Finished process in 0.16366958618164062 seconds.
ansible-1 is analyzed... Finished process in 2.5263524055480957 seconds.
keras-34 is analyzed... Finished process in 5.189718723297119 seconds.
keras-39 is analyzed... Finished process in 5.040552854537964 seconds.
luigi-4 is analyzed... Finished process in 5.253209590911865 seconds.
luigi-14 is analyzed... Finished process in 2.1327662467956543 seconds.
luigi-22 is analyzed... Finished process in 1.9398272037506104 seconds.
luigi-25 is analyzed... Finished process in 1.770334243774414 seconds.
pandas-49 is analyzed... Finished process in 127.56238341331482 seconds.
pandas-57 is analyzed... Finished process in 116.333571434021 seconds.
pandas-158 is analyzed... Finished process in 195.2987847328186 seconds.
scrapy-2 is analyzed... Finished process in 3.02376127243042 seconds.
scrapy-20 is analyzed... Finished process in 3.0073814392089844 seconds.
scrapy-30 is analyzed... Finished process in 2.9936039447784424 seconds.
spacy-5 is analyzed... Finished process in 12.358194351196289 seconds.
tqdm-3 is analyzed... Finished process in 2.1428189277648926 seconds.
youtubedl-16 is analyzed... Finished process in 10.370754480361938 seconds.
