cpython-6 is analyzed... Finished process in 0.39665651321411133 seconds.
matplotlib-3 is analyzed... Finished process in 56.107097864151 seconds.
matplotlib-7 is analyzed... Finished process in 53.013269901275635 seconds.
matplotlib-8 is analyzed... Finished process in 46.252408266067505 seconds.
matplotlib-10 is analyzed... Finished process in 49.64539813995361 seconds.
numpy-8 is analyzed... Finished process in 3.3311758041381836 seconds.
Pillow-14 is analyzed... Finished process in 2.7925076484680176 seconds.
Pillow-15 is analyzed... Finished process in 2.4648704528808594 seconds.
Pillow-16 is analyzed... Finished process in 2.060380220413208 seconds.
Pillow-17 is analyzed... Finished process in 1.9861154556274414 seconds.
requests-1 is analyzed... Finished process in 1.687624216079712 seconds.
scipy-5 is analyzed... Finished process in 255.05434679985046 seconds.
sympy-5 is analyzed... Finished process in 189.30888772010803 seconds.
sympy-6 is analyzed... Finished process in 124.62493705749512 seconds.
sympy-36 is analyzed... Finished process in 185.40067768096924 seconds.
sympy-37 is analyzed... Finished process in 182.49015951156616 seconds.
sympy-40 is analyzed... Finished process in 0.18220758438110352 seconds.
sympy-42 is analyzed... Finished process in 124.63908314704895 seconds.
sympy-43 is analyzed... Finished process in 124.90408396720886 seconds.
sympy-44 is analyzed... Finished process in 63.87842392921448 seconds.
sympy-45 is analyzed... Finished process in 64.76752090454102 seconds.
sympy-48 is analyzed... Finished process in 0.23489928245544434 seconds.
sympy-49 is analyzed... Finished process in 0.23154115676879883 seconds.
sympy-60 is analyzed... Finished process in 0.22026634216308594 seconds.
