airflow-3831 is analyzed... Finished process in 211.37600207328796 seconds.
airflow-4674 is analyzed... Finished process in 265.70006799697876 seconds.
airflow-5686 is analyzed... Finished process in 297.0377757549286 seconds.
airflow-6036 is analyzed... Finished process in 335.76076102256775 seconds.
airflow-8151 is analyzed... Finished process in 368.5854926109314 seconds.
airflow-14686 is analyzed... Finished process in 847.5522744655609 seconds.
beets-3360 is analyzed... Finished process in 164.38268041610718 seconds.
core-8065 is analyzed... Finished process in 769.6469705104828 seconds.
core-29829 is analyzed... Finished process in 5052.984404802322 seconds.
core-32222 is analyzed... Finished process in 5614.441451787949 seconds.
core-32318 is analyzed... Finished process in 5390.667693138123 seconds.
core-38605 is analyzed... Finished process in 7055.934065103531 seconds.
core-40034 is analyzed... Finished process in 8310.326818227768 seconds.
pandas-17609 is analyzed... Finished process in 806.8909854888916 seconds.
pandas-20938 is analyzed... Finished process in 840.0876152515411 seconds.
pandas-21540 is analyzed... Finished process in 838.5537343025208 seconds.
pandas-22378 is analyzed... Finished process in 900.0932598114014 seconds.
pandas-22804 is analyzed... Finished process in 944.3994045257568 seconds.
pandas-24572 is analyzed... Finished process in 968.8343970775604 seconds.
pandas-28412 is analyzed... Finished process in 936.3573043346405 seconds.
pandas-30532 is analyzed... Finished process in 920.6292901039124 seconds.
pandas-36950 is analyzed... Finished process in 1401.3382997512817 seconds.
pandas-37547 is analyzed... Finished process in 3294.0490095615387 seconds.
pandas-38431 is analyzed... Finished process in 2224.291231393814 seconds.
pandas-39028-1 is analyzed... Finished process in 1582.232685804367 seconds.
pandas-39028-2 is analyzed... Finished process in 1174.700716495514 seconds.
rasa-8704 is analyzed... Finished process in 214.75852513313293 seconds.
requests-3179 is analyzed... Finished process in 98.28335237503052 seconds.
requests-3368 is analyzed... Finished process in 101.58656144142151 seconds.
salt-33908 is analyzed... Finished process in 2119.8854789733887 seconds.
salt-38947 is analyzed... Finished process in 3017.984837293625 seconds.
salt-52624 is analyzed... Finished process in 5682.436711549759 seconds.
salt-53394 is analyzed... Finished process in 4905.784672021866 seconds.
salt-54240 is analyzed... Finished process in 5357.32963514328 seconds.
salt-54785 is analyzed... Finished process in 5333.373742818832 seconds.
salt-56381 is analyzed... Finished process in 6467.772854566574 seconds.
sanic-1334 is analyzed... Finished process in 53.4345440864563 seconds.
scikitlearn-7259 is analyzed... Finished process in 291.433700799942 seconds.
scikitlearn-8973 is analyzed... Finished process in 302.7934172153473 seconds.
scikitlearn-12603 is analyzed... Finished process in 348.2399308681488 seconds.
Zappa-388 is analyzed... Finished process in 29.17661166191101 seconds.
ansible-1 is analyzed... Finished process in 536.6608786582947 seconds.
keras-34 is analyzed... Finished process in 147.22456622123718 seconds.
keras-39 is analyzed... Finished process in 144.07179760932922 seconds.
luigi-4 is analyzed... Finished process in 116.5698311328888 seconds.
luigi-14 is analyzed... Finished process in 78.4853777885437 seconds.
luigi-22 is analyzed... Finished process in 69.00710034370422 seconds.
luigi-25 is analyzed... Finished process in 78.81405425071716 seconds.
pandas-49 is analyzed... Finished process in 996.2584583759308 seconds.
pandas-57 is analyzed... Finished process in 1001.6218855381012 seconds.
pandas-158 is analyzed... Finished process in 926.4440500736237 seconds.
scrapy-2 is analyzed... Finished process in 101.43849492073059 seconds.
scrapy-20 is analyzed... Finished process in 94.53520107269287 seconds.
scrapy-30 is analyzed... Finished process in 91.94394207000732 seconds.
spacy-5 is analyzed... Finished process in 138.78819751739502 seconds.
tornado-7 is analyzed... Finished process in 192.12224507331848 seconds.
tqdm-3 is analyzed... Finished process in 28.623619079589844 seconds.
youtubedl-16 is analyzed... Finished process in 442.0387673377991 seconds.
