airflow-3831 is analyzed... Finished process in 318.55439281463623 seconds.
airflow-4674 is analyzed... Finished process in 278.5043201446533 seconds.
airflow-5686 is analyzed... Finished process in 147.75081872940063 seconds.
airflow-6036 is analyzed... Finished process in 315.33954405784607 seconds.
airflow-8151 is analyzed... Finished process in 590.214031457901 seconds.
airflow-14686 is analyzed... Finished process in 793.2566182613373 seconds.
beets-3360 is analyzed... Finished process in 136.0297245979309 seconds.
core-8065 is analyzed... Finished process in 661.7573771476746 seconds.
core-29829 is analyzed... Finished process in 4398.322720527649 seconds.
core-32222 is analyzed... Finished process in 5010.736779689789 seconds.
core-32318 is analyzed... Finished process in 4551.200309514999 seconds.
core-38605 is analyzed... Finished process in 6106.626707077026 seconds.
core-40034 is analyzed... Finished process in 6383.729788303375 seconds.
pandas-17609 is analyzed... Finished process in 737.7761769294739 seconds.
pandas-20938 is analyzed... Finished process in 776.7407824993134 seconds.
pandas-21540 is analyzed... Finished process in 762.3086428642273 seconds.
pandas-22378 is analyzed... Finished process in 780.3996248245239 seconds.
pandas-22804 is analyzed... Finished process in 801.7819955348969 seconds.
pandas-24572 is analyzed... Finished process in 819.9611279964447 seconds.
pandas-28412 is analyzed... Finished process in 847.6163363456726 seconds.
pandas-30532 is analyzed... Finished process in 810.9657173156738 seconds.
pandas-36950 is analyzed... Finished process in 1038.3457305431366 seconds.
pandas-37547 is analyzed... Finished process in 1026.6188082695007 seconds.
pandas-38431 is analyzed... Finished process in 1042.495304107666 seconds.
pandas-39028-1 is analyzed... Finished process in 1039.283430814743 seconds.
pandas-39028-2 is analyzed... Finished process in 1021.7384901046753 seconds.
rasa-8704 is analyzed... Finished process in 194.28992199897766 seconds.
requests-3179 is analyzed... Finished process in 74.74369692802429 seconds.
requests-3368 is analyzed... Finished process in 75.07364296913147 seconds.
salt-33908 is analyzed... Finished process in 1944.6491549015045 seconds.
salt-38947 is analyzed... Finished process in 2702.585279226303 seconds.
salt-52624 is analyzed... Finished process in 4890.754153013229 seconds.
salt-53394 is analyzed... Finished process in 4383.110657453537 seconds.
salt-54240 is analyzed... Finished process in 4805.004244327545 seconds.
salt-54785 is analyzed... Finished process in 4941.383637666702 seconds.
salt-56381 is analyzed... Finished process in 5692.669584274292 seconds.
sanic-1334 is analyzed... Finished process in 48.47014760971069 seconds.
scikitlearn-7259 is analyzed... Finished process in 271.8958411216736 seconds.
scikitlearn-8973 is analyzed... Finished process in 281.05231261253357 seconds.
scikitlearn-12603 is analyzed... Finished process in 326.03797721862793 seconds.
Zappa-388 is analyzed... Finished process in 28.879045963287354 seconds.
ansible-1 is analyzed... Finished process in 478.71063351631165 seconds.
keras-34 is analyzed... Finished process in 139.76728653907776 seconds.
keras-39 is analyzed... Finished process in 133.8761112689972 seconds.
luigi-4 is analyzed... Finished process in 113.07756757736206 seconds.
luigi-14 is analyzed... Finished process in 74.4562680721283 seconds.
luigi-22 is analyzed... Finished process in 66.328768491745 seconds.
luigi-25 is analyzed... Finished process in 75.84563565254211 seconds.
pandas-49 is analyzed... Finished process in 814.868399143219 seconds.
pandas-57 is analyzed... Finished process in 822.0660843849182 seconds.
pandas-158 is analyzed... Finished process in 841.4185726642609 seconds.
scrapy-2 is analyzed... Finished process in 95.28875231742859 seconds.
scrapy-20 is analyzed... Finished process in 86.65050029754639 seconds.
scrapy-30 is analyzed... Finished process in 86.84597516059875 seconds.
spacy-5 is analyzed... Finished process in 116.35706377029419 seconds.
tqdm-3 is analyzed... Finished process in 27.446675062179565 seconds.
youtubedl-16 is analyzed... Finished process in 381.1679768562317 seconds.
