airflow-3831 is analyzed... Finished process in 218.6848156452179 seconds.
airflow-5686 is analyzed... Finished process in 300.7055411338806 seconds.
airflow-8151 is analyzed... Finished process in 380.04446816444397 seconds.
core-8065 is analyzed... Finished process in 737.5160999298096 seconds.
core-29829 is analyzed... Finished process in 4843.949609518051 seconds.
core-32318 is analyzed... Finished process in 5397.870160102844 seconds.
pandas-17609 is analyzed... Finished process in 779.373795747757 seconds.
pandas-24572 is analyzed... Finished process in 896.5668361186981 seconds.
pandas-28412 is analyzed... Finished process in 929.707132101059 seconds.
pandas-37547 is analyzed... Finished process in 1070.5098822116852 seconds.
pandas-38431 is analyzed... Finished process in 1104.8685188293457 seconds.
pandas-39028-1 is analyzed... Finished process in 1102.2651779651642 seconds.
requests-3179 is analyzed... Finished process in 93.66334915161133 seconds.
salt-33908 is analyzed... Finished process in 2366.946474313736 seconds.
salt-38947 is analyzed... Finished process in 3374.5968911647797 seconds.
salt-54240 is analyzed... Finished process in 6043.1212849617 seconds.
salt-54785 is analyzed... Finished process in 6217.960747003555 seconds.
salt-56381 is analyzed... Finished process in 7295.9448800086975 seconds.
sanic-1334 is analyzed... Finished process in 46.98273205757141 seconds.
scikitlearn-8973 is analyzed... Finished process in 311.46414613723755 seconds.
keras-39 is analyzed... Finished process in 146.37063694000244 seconds.
luigi-14 is analyzed... Finished process in 81.2735013961792 seconds.
luigi-25 is analyzed... Finished process in 81.29232978820801 seconds.
scrapy-2 is analyzed... Finished process in 106.30347204208374 seconds.
spacy-5 is analyzed... Finished process in 142.77947354316711 seconds.
