airflow-3831 is analyzed... Finished process in 134.96457242965698 seconds.
airflow-4674 is analyzed... Finished process in 167.70009922981262 seconds.
airflow-5686 is analyzed... Finished process in 191.90802216529846 seconds.
airflow-6036 is analyzed... Finished process in 208.858904838562 seconds.
airflow-8151 is analyzed... Finished process in 238.4152317047119 seconds.
airflow-14686 is analyzed... Finished process in 460.83010244369507 seconds.
beets-3360 is analyzed... Finished process in 113.51608109474182 seconds.
core-8065 is analyzed... Finished process in 345.5506980419159 seconds.
core-29829 is analyzed... Finished process in 1949.3576340675354 seconds.
core-32222 is analyzed... Finished process in 2827.48601770401 seconds.
core-32318 is analyzed... Finished process in 1850.7555618286133 seconds.
core-38605 is analyzed... Finished process in 2417.404506921768 seconds.
core-40034 is analyzed... Finished process in 2631.130182504654 seconds.
pandas-17609 is analyzed... Finished process in 421.45303654670715 seconds.
pandas-20938 is analyzed... Finished process in 491.1447720527649 seconds.
pandas-21540 is analyzed... Finished process in 491.16591811180115 seconds.
pandas-22378 is analyzed... Finished process in 501.04671597480774 seconds.
pandas-22804 is analyzed... Finished process in 533.3143899440765 seconds.
pandas-24572 is analyzed... Finished process in 529.7972917556763 seconds.
pandas-28412 is analyzed... Finished process in 540.6432809829712 seconds.
pandas-30532 is analyzed... Finished process in 540.6264090538025 seconds.
pandas-36950 is analyzed... Finished process in 615.6577734947205 seconds.
pandas-37547 is analyzed... Finished process in 748.9741275310516 seconds.
pandas-38431 is analyzed... Finished process in 633.492199420929 seconds.
pandas-39028-1 is analyzed... Finished process in 928.119549036026 seconds.
pandas-39028-2 is analyzed... Finished process in 639.3840570449829 seconds.
rasa-8704 is analyzed... Finished process in 242.11705565452576 seconds.
requests-3179 is analyzed... Finished process in 123.19161105155945 seconds.
requests-3368 is analyzed... Finished process in 101.71659803390503 seconds.
salt-33908 is analyzed... Finished process in 905.8873565196991 seconds.
salt-38947 is analyzed... Finished process in 1217.975685119629 seconds.
salt-52624 is analyzed... Finished process in 1782.1547844409943 seconds.
salt-53394 is analyzed... Finished process in 1534.7187695503235 seconds.
salt-54240 is analyzed... Finished process in 1589.8638198375702 seconds.
salt-54785 is analyzed... Finished process in 1720.4646751880646 seconds.
salt-56381 is analyzed... Finished process in 1866.2957217693329 seconds.
sanic-1334 is analyzed... Finished process in 40.236087799072266 seconds.
scikitlearn-7259 is analyzed... Finished process in 154.3241937160492 seconds.
scikitlearn-8973 is analyzed... Finished process in 161.131441116333 seconds.
scikitlearn-12603 is analyzed... Finished process in 200.94624066352844 seconds.
Zappa-388 is analyzed... Finished process in 23.274635076522827 seconds.
ansible-1 is analyzed... Finished process in 276.2353205680847 seconds.
keras-34 is analyzed... Finished process in 83.40996646881104 seconds.
keras-39 is analyzed... Finished process in 81.34612607955933 seconds.
luigi-4 is analyzed... Finished process in 82.00671672821045 seconds.
luigi-14 is analyzed... Finished process in 52.602736473083496 seconds.
luigi-22 is analyzed... Finished process in 44.74171733856201 seconds.
luigi-25 is analyzed... Finished process in 55.54470634460449 seconds.
pandas-49 is analyzed... Finished process in 591.4809980392456 seconds.
pandas-57 is analyzed... Finished process in 564.0601341724396 seconds.
pandas-158 is analyzed... Finished process in 554.5239179134369 seconds.
scrapy-2 is analyzed... Finished process in 106.45570421218872 seconds.
scrapy-20 is analyzed... Finished process in 87.6717176437378 seconds.
scrapy-30 is analyzed... Finished process in 85.05042004585266 seconds.
spacy-5 is analyzed... Finished process in 120.77321720123291 seconds.
tqdm-3 is analyzed... Finished process in 26.52463436126709 seconds.
yotubedl-16 is analyzed... Finished process in 981.1589553356171 seconds.
