airflow-3831 is analyzed... Finished process in 224.6090443134308 seconds.
airflow-4674 is analyzed... Finished process in 291.66251492500305 seconds.
airflow-5686 is analyzed... Finished process in 311.83465790748596 seconds.
airflow-6036 is analyzed... Finished process in 342.237735748291 seconds.
airflow-8151 is analyzed... Finished process in 404.5561909675598 seconds.
airflow-14686 is analyzed... Finished process in 878.1368961334229 seconds.
beets-3360 is analyzed... Finished process in 139.19376826286316 seconds.
core-8065 is analyzed... Finished process in 1071.1728568077087 seconds.
core-29829 is analyzed... Finished process in 5500.61850643158 seconds.
core-32222 is analyzed... Finished process in 6401.655058145523 seconds.
core-32318 is analyzed... Finished process in 6558.293468236923 seconds.
core-38605 is analyzed... Finished process in 8923.09128499031 seconds.
core-40034 is analyzed... Finished process in 8973.590992212296 seconds.
pandas-17609 is analyzed... Finished process in 1019.7171015739441 seconds.
pandas-20938 is analyzed... Finished process in 1125.973984003067 seconds.
pandas-21540 is analyzed... Finished process in 1077.7839543819427 seconds.
pandas-22378 is analyzed... Finished process in 1049.8847916126251 seconds.
pandas-22804 is analyzed... Finished process in 1061.9725308418274 seconds.
pandas-24572 is analyzed... Finished process in 1116.6142885684967 seconds.
pandas-28412 is analyzed... Finished process in 1349.6715166568756 seconds.
pandas-30532 is analyzed... Finished process in 1246.67969083786 seconds.
pandas-36950 is analyzed... Finished process in 1290.56893825531 seconds.
pandas-37547 is analyzed... Finished process in 1127.388821363449 seconds.
pandas-38431 is analyzed... Finished process in 1128.1480493545532 seconds.
pandas-39028-1 is analyzed... Finished process in 1163.4399859905243 seconds.
pandas-39028-2 is analyzed... Finished process in 1178.3301694393158 seconds.
rasa-8704 is analyzed... Finished process in 234.60301065444946 seconds.
requests-3179 is analyzed... Finished process in 101.81405091285706 seconds.
requests-3368 is analyzed... Finished process in 101.56198263168335 seconds.
salt-33908 is analyzed... Finished process in 2399.8525795936584 seconds.
salt-38947 is analyzed... Finished process in 3459.4968163967133 seconds.
salt-52624 is analyzed... Finished process in 6751.582140445709 seconds.
salt-53394 is analyzed... Finished process in 5889.007604837418 seconds.
salt-54240 is analyzed... Finished process in 6686.355436563492 seconds.
salt-54785 is analyzed... Finished process in 6599.934462308884 seconds.
salt-56381 is analyzed... Finished process in 10800.012248754501 seconds.
sanic-1334 is analyzed... Finished process in 66.96290516853333 seconds.
scikitlearn-7259 is analyzed... Finished process in 466.11878991127014 seconds.
scikitlearn-8973 is analyzed... Finished process in 328.04304242134094 seconds.
scikitlearn-12603 is analyzed... Finished process in 388.57819986343384 seconds.
Zaapa-388 is analyzed... Finished process in 211.3446593284607 seconds.
ansible-1 is analyzed... Finished process in 648.9315721988678 seconds.
keras-34 is analyzed... Finished process in 160.05929803848267 seconds.
keras-39 is analyzed... Finished process in 157.53676962852478 seconds.
luigi-4 is analyzed... Finished process in 122.45112538337708 seconds.
luigi-14 is analyzed... Finished process in 83.48762035369873 seconds.
luigi-22 is analyzed... Finished process in 70.75865983963013 seconds.
luigi-25 is analyzed... Finished process in 85.66491150856018 seconds.
pandas-49 is analyzed... Finished process in 1245.8031549453735 seconds.
pandas-57 is analyzed... Finished process in 1276.6519496440887 seconds.
pandas-158 is analyzed... Finished process in 1328.7304792404175 seconds.
scrapy-2 is analyzed... Finished process in 111.27241110801697 seconds.
scrapy-20 is analyzed... Finished process in 117.79397344589233 seconds.
scrapy-30 is analyzed... Finished process in 115.61726713180542 seconds.
spacy-5 is analyzed... Finished process in 141.3123140335083 seconds.
tornado-7 is analyzed... Finished process in 1071.9185192584991 seconds.
tqdm-3 is analyzed... Finished process in 32.763914823532104 seconds.
