airflow-3831 is analyzed... Finished process in 273.91321301460266 seconds.
airflow-4674 is analyzed... Finished process in 287.2776074409485 seconds.
airflow-5686 is analyzed... Finished process in 315.26218581199646 seconds.
airflow-6036 is analyzed... Finished process in 357.59017300605774 seconds.
airflow-8151 is analyzed... Finished process in 408.99669647216797 seconds.
airflow-14686 is analyzed... Finished process in 906.3604810237885 seconds.
beets-3360 is analyzed... Finished process in 149.7574324607849 seconds.
core-8065 is analyzed... Finished process in 1233.2908847332 seconds.
core-29829 is analyzed... Finished process in 5571.82152223587 seconds.
core-32222 is analyzed... Finished process in 6424.084735393524 seconds.
core-32318 is analyzed... Finished process in 6366.469543933868 seconds.
core-40034 is analyzed... Finished process in 9049.068903684616 seconds.
pandas-17609 is analyzed... Finished process in 1172.77925157547 seconds.
pandas-20938 is analyzed... Finished process in 1549.3977446556091 seconds.
pandas-21540 is analyzed... Finished process in 1527.0300958156586 seconds.
pandas-22378 is analyzed... Finished process in 2337.5335557460785 seconds.
pandas-22804 is analyzed... Finished process in 2142.597193002701 seconds.
pandas-24572 is analyzed... Finished process in 2028.1434679031372 seconds.
pandas-28412 is analyzed... Finished process in 1425.3463730812073 seconds.
pandas-30532 is analyzed... Finished process in 1523.0737466812134 seconds.
pandas-36950 is analyzed... Finished process in 1593.2381114959717 seconds.
pandas-37547 is analyzed... Finished process in 1156.016522884369 seconds.
pandas-38431 is analyzed... Finished process in 1206.7526865005493 seconds.
pandas-39028-1 is analyzed... Finished process in 1214.6904714107513 seconds.
pandas-41915 is analyzed... Finished process in 1381.7274851799011 seconds.
rasa-8704 is analyzed... Finished process in 243.3850736618042 seconds.
requests-3179 is analyzed... Finished process in 106.36299180984497 seconds.
requests-3368 is analyzed... Finished process in 105.63168048858643 seconds.
salt-33908 is analyzed... Finished process in 2742.794734954834 seconds.
salt-38947 is analyzed... Finished process in 3613.5626769065857 seconds.
salt-52624 is analyzed... Finished process in 6947.917271852493 seconds.
salt-53394 is analyzed... Finished process in 6197.250289201736 seconds.
salt-54240 is analyzed... Finished process in 6827.715455293655 seconds.
salt-54785 is analyzed... Finished process in 6787.026183843613 seconds.
salt-56381 is analyzed... Finished process in 10800.141200780869 seconds.
sanic-1334 is analyzed... Finished process in 67.56890654563904 seconds.
scikitlearn-7259 is analyzed... Finished process in 349.9860873222351 seconds.
scikitlearn-8973 is analyzed... Finished process in 336.8689353466034 seconds.
scikitlearn-12603 is analyzed... Finished process in 388.5338463783264 seconds.
Zappa-388 is analyzed... Finished process in 30.7384135723114 seconds.
ansible-1 is analyzed... Finished process in 673.1167364120483 seconds.
keras-34 is analyzed... Finished process in 163.31116127967834 seconds.
keras-39 is analyzed... Finished process in 159.9036078453064 seconds.
luigi-4 is analyzed... Finished process in 123.36225748062134 seconds.
luigi-14 is analyzed... Finished process in 84.38071823120117 seconds.
luigi-22 is analyzed... Finished process in 71.56640720367432 seconds.
luigi-25 is analyzed... Finished process in 82.26808953285217 seconds.
pandas-49 is analyzed... Finished process in 1301.9880578517914 seconds.
pandas-57 is analyzed... Finished process in 1380.0378768444061 seconds.
pandas-158 is analyzed... Finished process in 1466.5479474067688 seconds.
scrapy-2 is analyzed... Finished process in 110.4634222984314 seconds.
scrapy-20 is analyzed... Finished process in 116.9115469455719 seconds.
scrapy-30 is analyzed... Finished process in 116.02086973190308 seconds.
spacy-5 is analyzed... Finished process in 143.42749047279358 seconds.
youtubedl-16 is analyzed... Finished process in 519.8781073093414 seconds.
cpython-6 is analyzed... Finished process in 4397.170974493027 seconds.
matplotlib-3 is analyzed... Finished process in 533.3739671707153 seconds.
matplotlib-7 is analyzed... Finished process in 628.7600643634796 seconds.
matplotlib-8 is analyzed... Finished process in 612.2296030521393 seconds.
matplotlib-10 is analyzed... Finished process in 674.119396686554 seconds.
numpy-8 is analyzed... Finished process in 471.4712550640106 seconds.
Pillow-14 is analyzed... Finished process in 127.7357120513916 seconds.
Pillow-15 is analyzed... Finished process in 102.23421382904053 seconds.
Pillow-16 is analyzed... Finished process in 106.86467790603638 seconds.
Pillow-17 is analyzed... Finished process in 95.0507743358612 seconds.
requests-1 is analyzed... Finished process in 121.97090768814087 seconds.
scipy-5 is analyzed... Finished process in 865.4796168804169 seconds.
sympy-5 is analyzed... Finished process in 10799.987039327621 seconds.
sympy-6 is analyzed... Finished process in 10800.03332901001 seconds.
sympy-36 is analyzed... Finished process in 10800.031882286072 seconds.
sympy-37 is analyzed... Finished process in 10800.024538516998 seconds.
sympy-40 is analyzed... Finished process in 10800.031119823456 seconds.
sympy-42 is analyzed... Finished process in 10800.034916639328 seconds.
sympy-43 is analyzed... Finished process in 10800.035188436508 seconds.
sympy-44 is analyzed... Finished process in 2924.2866344451904 seconds.
sympy-45 is analyzed... Finished process in 2513.223438024521 seconds.
sympy-48 is analyzed... Finished process in 3845.405029773712 seconds.
sympy-49 is analyzed... Finished process in 3817.041980981827 seconds.
sympy-60 is analyzed... Finished process in 1966.6004390716553 seconds.
