matplotlib-3 is analyzed... Finished process in 470.03202176094055 seconds.
matplotlib-7 is analyzed... Finished process in 537.5303111076355 seconds.
matplotlib-8 is analyzed... Finished process in 537.9886138439178 seconds.
matplotlib-10 is analyzed... Finished process in 581.5640153884888 seconds.
numpy-8 is analyzed... Finished process in 430.93273544311523 seconds.
Pillow-14 is analyzed... Finished process in 147.40032625198364 seconds.
Pillow-15 is analyzed... Finished process in 100.9468846321106 seconds.
Pillow-16 is analyzed... Finished process in 99.37553334236145 seconds.
Pillow-17 is analyzed... Finished process in 90.3623902797699 seconds.
requests-1 is analyzed... Finished process in 111.34387040138245 seconds.
scipy-5 is analyzed... Finished process in 767.120717048645 seconds.
sympy-5 is analyzed... Finished process in 3087.8678653240204 seconds.
sympy-6 is analyzed... Finished process in 2053.851084947586 seconds.
sympy-36 is analyzed... Finished process in 3075.083785057068 seconds.
sympy-37 is analyzed... Finished process in 3072.7399797439575 seconds.
sympy-40 is analyzed... Finished process in 3489.861860513687 seconds.
sympy-42 is analyzed... Finished process in 2241.330906391144 seconds.
sympy-43 is analyzed... Finished process in 2066.095823287964 seconds.
sympy-44 is analyzed... Finished process in 1470.2926938533783 seconds.
sympy-45 is analyzed... Finished process in 1363.0281398296356 seconds.
sympy-48 is analyzed... Finished process in 624.4764912128448 seconds.
sympy-49 is analyzed... Finished process in 610.7380316257477 seconds.
sympy-60 is analyzed... Finished process in 727.6025960445404 seconds.
