airflow-3831 is analyzed... Finished process in 205.1108660697937 seconds.
airflow-4674 is analyzed... Finished process in 247.00793838500977 seconds.
airflow-5686 is analyzed... Finished process in 286.36612606048584 seconds.
airflow-6036 is analyzed... Finished process in 310.14313650131226 seconds.
airflow-8151 is analyzed... Finished process in 350.31101655960083 seconds.
airflow-14686 is analyzed... Finished process in 787.6902208328247 seconds.
beets-3360 is analyzed... Finished process in 131.40296030044556 seconds.
core-8065 is analyzed... Finished process in 649.2259533405304 seconds.
core-29829 is analyzed... Finished process in 2867.5116758346558 seconds.
core-32222 is analyzed... Finished process in 4693.88093996048 seconds.
core-32318 is analyzed... Finished process in 4782.257286071777 seconds.
core-38605 is analyzed... Finished process in 6201.696169614792 seconds.
core-40034 is analyzed... Finished process in 1420.215609073639 seconds.
pandas-17609 is analyzed... Finished process in 15.213372707366943 seconds.
pandas-20938 is analyzed... Finished process in 110.64089179039001 seconds.
pandas-21540 is analyzed... Finished process in 769.2445449829102 seconds.
pandas-22378 is analyzed... Finished process in 824.1323838233948 seconds.
pandas-22804 is analyzed... Finished process in 828.0652825832367 seconds.
pandas-24572 is analyzed... Finished process in 833.9108839035034 seconds.
pandas-28412 is analyzed... Finished process in 851.3560116291046 seconds.
pandas-30532 is analyzed... Finished process in 830.1082763671875 seconds.
pandas-36950 is analyzed... Finished process in 979.1577715873718 seconds.
pandas-37547 is analyzed... Finished process in 999.0937731266022 seconds.
pandas-38431 is analyzed... Finished process in 1003.7937915325165 seconds.
pandas-39028-1 is analyzed... Finished process in 1025.0615122318268 seconds.
pandas-39028-2 is analyzed... Finished process in 1015.8120639324188 seconds.
rasa-8704 is analyzed... Finished process in 199.23384952545166 seconds.
requests-3179 is analyzed... Finished process in 82.96228456497192 seconds.
requests-3368 is analyzed... Finished process in 84.0437958240509 seconds.
salt-33908 is analyzed... Finished process in 1942.7934095859528 seconds.
salt-38947 is analyzed... Finished process in 2741.573876142502 seconds.
salt-52624 is analyzed... Finished process in 4925.9887771606445 seconds.
salt-53394 is analyzed... Finished process in 4548.310747623444 seconds.
salt-54240 is analyzed... Finished process in 4995.012419462204 seconds.
salt-54785 is analyzed... Finished process in 4925.713516712189 seconds.
salt-56381 is analyzed... Finished process in 5766.41614818573 seconds.
sanic-1334 is analyzed... Finished process in 46.82385468482971 seconds.
scikitlearn-7259 is analyzed... Finished process in 271.65491676330566 seconds.
scikitlearn-8973 is analyzed... Finished process in 277.4093539714813 seconds.
scikitlearn-12603 is analyzed... Finished process in 310.3885042667389 seconds.
Zappa-388 is analyzed... Finished process in 24.528380155563354 seconds.
ansible-1 is analyzed... Finished process in 511.7375087738037 seconds.
keras-34 is analyzed... Finished process in 141.5982232093811 seconds.
keras-39 is analyzed... Finished process in 135.4999542236328 seconds.
luigi-4 is analyzed... Finished process in 113.92696571350098 seconds.
luigi-14 is analyzed... Finished process in 74.44321799278259 seconds.
luigi-22 is analyzed... Finished process in 65.2738196849823 seconds.
luigi-25 is analyzed... Finished process in 74.88986444473267 seconds.
pandas-49 is analyzed... Finished process in 889.2338769435883 seconds.
pandas-57 is analyzed... Finished process in 896.4540090560913 seconds.
pandas-158 is analyzed... Finished process in 851.3243291378021 seconds.
scrapy-2 is analyzed... Finished process in 99.32030534744263 seconds.
scrapy-20 is analyzed... Finished process in 91.20485091209412 seconds.
scrapy-30 is analyzed... Finished process in 89.78479862213135 seconds.
spacy-5 is analyzed... Finished process in 120.12420463562012 seconds.
tqdm-3 is analyzed... Finished process in 23.239253997802734 seconds.
youtubedl-16 is analyzed... Finished process in 320.4613263607025 seconds.
