airflow-3831 is analyzed... Finished process in 216.300541639328 seconds.
airflow-4674 is analyzed... Finished process in 266.1480026245117 seconds.
airflow-5686 is analyzed... Finished process in 303.0452768802643 seconds.
airflow-6036 is analyzed... Finished process in 338.05289101600647 seconds.
airflow-8151 is analyzed... Finished process in 358.19624614715576 seconds.
airflow-14686 is analyzed... Finished process in 830.5628616809845 seconds.
beets-3360 is analyzed... Finished process in 136.51946783065796 seconds.
core-8065 is analyzed... Finished process in 730.049821138382 seconds.
core-29829 is analyzed... Finished process in 4733.015166521072 seconds.
core-32222 is analyzed... Finished process in 5155.236536502838 seconds.
core-32318 is analyzed... Finished process in 5364.052416801453 seconds.
core-40034 is analyzed... Finished process in 7883.176349639893 seconds.
pandas-17609 is analyzed... Finished process in 813.3761293888092 seconds.
pandas-20938 is analyzed... Finished process in 933.9296553134918 seconds.
pandas-21540 is analyzed... Finished process in 933.3490016460419 seconds.
pandas-22378 is analyzed... Finished process in 1039.4572975635529 seconds.
pandas-22804 is analyzed... Finished process in 1018.4877920150757 seconds.
pandas-24572 is analyzed... Finished process in 1012.1998610496521 seconds.
pandas-28412 is analyzed... Finished process in 954.4132444858551 seconds.
pandas-30532 is analyzed... Finished process in 926.6469783782959 seconds.
pandas-36950 is analyzed... Finished process in 1224.5653409957886 seconds.
pandas-37547 is analyzed... Finished process in 1156.6910574436188 seconds.
pandas-38431 is analyzed... Finished process in 1151.042216539383 seconds.
pandas-39028-1 is analyzed... Finished process in 1179.1098618507385 seconds.
pandas-41915 is analyzed... Finished process in 1359.1573507785797 seconds.
rasa-8704 is analyzed... Finished process in 218.78884983062744 seconds.
requests-3179 is analyzed... Finished process in 96.5764217376709 seconds.
requests-3368 is analyzed... Finished process in 97.06181287765503 seconds.
salt-33908 is analyzed... Finished process in 2175.2330918312073 seconds.
salt-38947 is analyzed... Finished process in 3070.8769977092743 seconds.
salt-52624 is analyzed... Finished process in 5474.004400253296 seconds.
salt-53394 is analyzed... Finished process in 5152.004380464554 seconds.
salt-54240 is analyzed... Finished process in 5680.891172647476 seconds.
salt-54785 is analyzed... Finished process in 5846.14936876297 seconds.
salt-56381 is analyzed... Finished process in 6826.378158092499 seconds
sanic-1334 is analyzed... Finished process in 57.77583169937134 seconds.
scikitlearn-7259 is analyzed... Finished process in 300.09127497673035 seconds.
scikitlearn-8973 is analyzed... Finished process in 314.24709463119507 seconds.
scikitlearn-12603 is analyzed... Finished process in 358.4315507411957 seconds.
Zappa-388 is analyzed... Finished process in 31.205678939819336 seconds.
ansible-1 is analyzed... Finished process in 540.0878281593323 seconds.
keras-34 is analyzed... Finished process in 150.90250182151794 seconds.
keras-39 is analyzed... Finished process in 148.59899759292603 seconds.
luigi-4 is analyzed... Finished process in 125.72845482826233 seconds.
luigi-14 is analyzed... Finished process in 81.96962475776672 seconds.
luigi-22 is analyzed... Finished process in 70.88889789581299 seconds.
luigi-25 is analyzed... Finished process in 81.63139986991882 seconds.
pandas-49 is analyzed... Finished process in 1010.3049230575562 seconds.
pandas-57 is analyzed... Finished process in 1018.2834253311157 seconds.
pandas-158 is analyzed... Finished process in 974.0578315258026 seconds.
scrapy-2 is analyzed... Finished process in 102.68489217758179 seconds.
scrapy-20 is analyzed... Finished process in 96.2851209640503 seconds.
scrapy-30 is analyzed... Finished process in 94.40060067176819 seconds.
spacy-5 is analyzed... Finished process in 142.08693099021912 seconds.
youtubedl-16 is analyzed... Finished process in 450.53377747535706 seconds.
cpython-6 is analyzed... Finished process in 1842.6563613414764 seconds.
matplotlib-3 is analyzed... Finished process in 476.2905795574188 seconds.
matplotlib-7 is analyzed... Finished process in 545.064662694931 seconds.
matplotlib-8 is analyzed... Finished process in 544.3095562458038 seconds.
matplotlib-10 is analyzed... Finished process in 614.6459753513336 seconds.
numpy-8 is analyzed... Finished process in 421.78003430366516 seconds.
Pillow-14 is analyzed... Finished process in 121.531094789505 seconds.
Pillow-15 is analyzed... Finished process in 99.48033046722412 seconds.
Pillow-16 is analyzed... Finished process in 104.23706150054932 seconds.
Pillow-17 is analyzed... Finished process in 92.03747749328613 seconds.
requests-1 is analyzed... Finished process in 111.417165517807 seconds.
scipy-5 is analyzed... Finished process in 799.8105764389038 seconds.
sympy-5 is analyzed... Finished process in 3576.964416027069 seconds.
sympy-6 is analyzed... Finished process in 2060.313253879547 seconds.
sympy-36 is analyzed... Finished process in 4153.210385799408 seconds.
sympy-37 is analyzed... Finished process in 3655.3641431331635 seconds.
sympy-40 is analyzed... Finished process in 3979.679948568344 seconds.
sympy-42 is analyzed... Finished process in 2741.0487179756165 seconds.
sympy-43 is analyzed... Finished process in 2585.896701335907 seconds.
sympy-44 is analyzed... Finished process in 1962.75239610672 seconds.
sympy-45 is analyzed... Finished process in 1693.0020706653595 seconds.
sympy-48 is analyzed... Finished process in 791.145112991333 seconds.
sympy-49 is analyzed... Finished process in 809.2452688217163 seconds.
sympy-60 is analyzed... Finished process in 948.2950015068054 seconds.
