airflow-3831 is analyzed... Finished process in 213.61828684806824 seconds.
airflow-4674 is analyzed... Finished process in 258.46473026275635 seconds.
airflow-5686 is analyzed... Finished process in 295.6612389087677 seconds.
airflow-6036 is analyzed... Finished process in 331.39060401916504 seconds.
airflow-8151 is analyzed... Finished process in 350.1349823474884 seconds.
airflow-14686 is analyzed... Finished process in 827.8154101371765 seconds.
beets-3360 is analyzed... Finished process in 135.6010296344757 seconds.
core-8065 is analyzed... Finished process in 670.5919442176819 seconds.
core-29829 is analyzed... Finished process in 4384.812925338745 seconds.
core-32222 is analyzed... Finished process in 4819.386124610901 seconds.
core-32318 is analyzed... Finished process in 4945.408468723297 seconds.
core-40034 is analyzed... Finished process in 7057.126343011856 seconds.
pandas-17609 is analyzed... Finished process in 773.0719478130341 seconds.
pandas-20938 is analyzed... Finished process in 922.2193574905396 seconds.
pandas-21540 is analyzed... Finished process in 904.0086719989777 seconds.
pandas-22378 is analyzed... Finished process in 976.3580667972565 seconds.
pandas-22804 is analyzed... Finished process in 979.3824648857117 seconds.
pandas-24572 is analyzed... Finished process in 1019.1167986392975 seconds.
pandas-28412 is analyzed... Finished process in 944.8507406711578 seconds.
pandas-30532 is analyzed... Finished process in 931.3727853298187 seconds.
pandas-36950 is analyzed... Finished process in 1016.6933281421661 seconds.
pandas-37547 is analyzed... Finished process in 1015.3989593982697 seconds.
pandas-38431 is analyzed... Finished process in 1025.7766857147217 seconds.
pandas-39028-1 is analyzed... Finished process in 1040.2029647827148 seconds.
pandas-41915 is analyzed... Finished process in 1195.8992652893066 seconds.
rasa-8704 is analyzed... Finished process in 217.1527931690216 seconds.
requests-3179 is analyzed... Finished process in 98.57844185829163 seconds.
requests-3368 is analyzed... Finished process in 97.91120171546936 seconds.
salt-33908 is analyzed... Finished process in 2186.632259130478 seconds.
salt-38947 is analyzed... Finished process in 3054.3566992282867 seconds.
salt-52624 is analyzed... Finished process in 5492.15282034874 seconds.
salt-53394 is analyzed... Finished process in 5017.688424348831 seconds.
salt-54240 is analyzed... Finished process in 5642.376503944397 seconds.
salt-54785 is analyzed... Finished process in 5666.003040552139 seconds.
salt-56381 is analyzed... Finished process in 6748.910948514938 seconds.
sanic-1334 is analyzed... Finished process in 58.12509894371033 seconds.
scikitlearn-7259 is analyzed... Finished process in 301.28891587257385 seconds.
scikitlearn-8973 is analyzed... Finished process in 304.35638308525085 seconds.
scikitlearn-12603 is analyzed... Finished process in 367.5331778526306 seconds.
Zappa-388 is analyzed... Finished process in 31.206013202667236 seconds.
ansible-1 is analyzed... Finished process in 540.9043335914612 seconds.
keras-34 is analyzed... Finished process in 151.99034023284912 seconds.
keras-39 is analyzed... Finished process in 149.45249676704407 seconds.
luigi-4 is analyzed... Finished process in 120.36470746994019 seconds.
luigi-14 is analyzed... Finished process in 82.83492541313171 seconds.
luigi-22 is analyzed... Finished process in 71.6077070236206 seconds.
luigi-25 is analyzed... Finished process in 81.49822640419006 seconds.
pandas-49 is analyzed... Finished process in 957.3411355018616 seconds.
pandas-57 is analyzed... Finished process in 962.0464017391205 seconds.
pandas-158 is analyzed... Finished process in 984.768449306488 seconds.
scrapy-2 is analyzed... Finished process in 102.53051328659058 seconds.
scrapy-20 is analyzed... Finished process in 96.01205706596375 seconds.
scrapy-30 is analyzed... Finished process in 94.65277290344238 seconds.
spacy-5 is analyzed... Finished process in 140.18450260162354 seconds.
youtubedl-16 is analyzed... Finished process in 443.39640283584595 seconds.
cpython-6 is analyzed... Finished process in 1887.0415620803833 seconds.
matplotlib-3 is analyzed... Finished process in 456.623895406723 seconds.
matplotlib-7 is analyzed... Finished process in 526.9339563846588 seconds.
matplotlib-8 is analyzed... Finished process in 536.6843430995941 seconds.
matplotlib-10 is analyzed... Finished process in 569.8452842235565 seconds.
numpy-8 is analyzed... Finished process in 403.3748378753662 seconds.
Pillow-14 is analyzed... Finished process in 118.43336796760559 seconds.
Pillow-15 is analyzed... Finished process in 102.6724112033844 seconds.
Pillow-16 is analyzed... Finished process in 98.98061323165894 seconds.
Pillow-17 is analyzed... Finished process in 89.34994626045227 seconds.
requests-1 is analyzed... Finished process in 112.57432341575623 seconds.
scipy-5 is analyzed... Finished process in 750.191308259964 seconds.
sympy-5 is analyzed... Finished process in 3612.7482533454895 seconds.
sympy-6 is analyzed... Finished process in 2033.730880498886 seconds.
sympy-36 is analyzed... Finished process in 3704.0076158046722 seconds.
sympy-37 is analyzed... Finished process in 3590.262352705002 seconds.
sympy-40 is analyzed... Finished process in 3964.7775745391846 seconds.
sympy-42 is analyzed... Finished process in 2695.933184862137 seconds.
sympy-43 is analyzed... Finished process in 2527.0759189128876 seconds.
sympy-44 is analyzed... Finished process in 1826.1900482177734 seconds.
sympy-45 is analyzed... Finished process in 1717.4092946052551 seconds.
sympy-48 is analyzed... Finished process in 715.8076701164246 seconds.
sympy-49 is analyzed... Finished process in 696.2476768493652 seconds.
sympy-60 is analyzed... Finished process in 839.5930387973785 seconds.
