airflow-3831 is analyzed... Finished process in 207.09572172164917 seconds.
airflow-4674 is analyzed... Finished process in 254.00185084342957 seconds.
airflow-5686 is analyzed... Finished process in 291.524808883667 seconds.
airflow-6036 is analyzed... Finished process in 320.9455213546753 seconds.
airflow-8151 is analyzed... Finished process in 352.5734462738037 seconds.
airflow-14686 is analyzed... Finished process in 821.3996715545654 seconds.
beets-3360 is analyzed... Finished process in 135.12274646759033 seconds.
core-8065 is analyzed... Finished process in 670.5816586017609 seconds.
core-29829 is analyzed... Finished process in 4353.829527139664 seconds.
core-32222 is analyzed... Finished process in 4889.541596651077 seconds.
core-32318 is analyzed... Finished process in 4990.401455879211 seconds.
core-38605 is analyzed... Finished process in 6526.7702124118805 seconds.
core-40034 is analyzed... Finished process in 7122.861543416977 seconds.
pandas-17609 is analyzed... Finished process in 767.2008922100067 seconds.
pandas-20938 is analyzed... Finished process in 892.2320408821106 seconds.
pandas-21540 is analyzed... Finished process in 856.6995010375977 seconds.
pandas-22378 is analyzed... Finished process in 866.624386548996 seconds.
pandas-22804 is analyzed... Finished process in 1006.2746729850769 seconds.
pandas-24572 is analyzed... Finished process in 2087.125760793686 seconds.
pandas-28412 is analyzed... Finished process in 2003.7898845672607 seconds.
pandas-30532 is analyzed... Finished process in 1026.7594096660614 seconds.
pandas-36950 is analyzed... Finished process in 1160.5712361335754 seconds.
pandas-37547 is analyzed... Finished process in 1032.7372920513153 seconds.
pandas-38431 is analyzed... Finished process in 1034.7035155296326 seconds.
pandas-39028-1 is analyzed... Finished process in 1052.5551710128784 seconds.
pandas-39028-2 is analyzed... Finished process in 1077.0742003917694 seconds.
rasa-8704 is analyzed... Finished process in 219.73203039169312 seconds.
requests-3179 is analyzed... Finished process in 98.68127107620239 seconds.
requests-3368 is analyzed... Finished process in 98.60520243644714 seconds.
salt-33908 is analyzed... Finished process in 2199.426973104477 seconds.
salt-38947 is analyzed... Finished process in 3320.32821059227 seconds.
salt-52624 is analyzed... Finished process in 6517.541861772537 seconds.
salt-53394 is analyzed... Finished process in 4901.726727724075 seconds.
salt-54240 is analyzed... Finished process in 6496.491290569305 seconds.
salt-54785 is analyzed... Finished process in 5871.853422164917 seconds.
salt-56381 is analyzed... Finished process in 6943.79577422142 seconds.
sanic-1334 is analyzed... Finished process in 116.8061752319336 seconds.
scikitlearn-7259 is analyzed... Finished process in 341.1472647190094 seconds.
scikitlearn-8973 is analyzed... Finished process in 419.7467293739319 seconds.
scikitlearn-12603 is analyzed... Finished process in 398.0603187084198 seconds.
Zaapa-388 is analyzed... Finished process in 597.8548717498779 seconds.
ansible-1 is analyzed... Finished process in 827.1335575580597 seconds.
keras-34 is analyzed... Finished process in 169.8248164653778 seconds.
keras-39 is analyzed... Finished process in 370.26114106178284 seconds.
luigi-4 is analyzed... Finished process in 295.63687324523926 seconds.
luigi-14 is analyzed... Finished process in 92.83143854141235 seconds.
luigi-22 is analyzed... Finished process in 77.56153512001038 seconds.
luigi-25 is analyzed... Finished process in 202.98566317558289 seconds.
pandas-49 is analyzed... Finished process in 1331.5470986366272 seconds.
pandas-57 is analyzed... Finished process in 1196.4505405426025 seconds.
pandas-158 is analyzed... Finished process in 1051.7884137630463 seconds.
scrapy-2 is analyzed... Finished process in 102.02226400375366 seconds.
scrapy-20 is analyzed... Finished process in 94.60769057273865 seconds.
scrapy-30 is analyzed... Finished process in 94.1281247138977 seconds.
spacy-5 is analyzed... Finished process in 140.2634027004242 seconds.
tornado-7 is analyzed... Finished process in 192.2226059436798 seconds.
tqdm-3 is analyzed... Finished process in 29.8361496925354 seconds.
