airflow-3831 is analyzed... Finished process in 213.27764582633972 seconds.
airflow-4674 is analyzed... Finished process in 274.1996307373047 seconds.
airflow-5686 is analyzed... Finished process in 299.4298827648163 seconds.
airflow-6036 is analyzed... Finished process in 346.86507177352905 seconds.
airflow-8151 is analyzed... Finished process in 372.4429738521576 seconds.
airflow-14686 is analyzed... Finished process in 879.7910361289978 seconds.
beets-3360 is analyzed... Finished process in 137.3156213760376 seconds.
core-8065 is analyzed... Finished process in 703.684935092926 seconds.
core-29829 is analyzed... Finished process in 4659.97208738327 seconds.
core-32222 is analyzed... Finished process in 5066.11421918869 seconds.
core-32318 is analyzed... Finished process in 5317.956750392914 seconds.
core-40034 is analyzed... Finished process in 7783.365394115448 seconds.
pandas-17609 is analyzed... Finished process in 933.7161509990692 seconds.
pandas-20938 is analyzed... Finished process in 1294.4441316127777 seconds.
pandas-21540 is analyzed... Finished process in 1291.0609781742096 seconds.
pandas-22378 is analyzed... Finished process in 1299.5811641216278 seconds.
pandas-22804 is analyzed... Finished process in 1187.7838547229767 seconds.
pandas-24572 is analyzed... Finished process in 1288.1950471401215 seconds.
pandas-28412 is analyzed... Finished process in 1084.7406604290009 seconds.
pandas-30532 is analyzed... Finished process in 1061.5263395309448 seconds.
pandas-36950 is analyzed... Finished process in 1097.0797810554504 seconds.
pandas-37547 is analyzed... Finished process in 1100.4172608852386 seconds.
pandas-38431 is analyzed... Finished process in 1030.7347028255463 seconds.
pandas-39028-1 is analyzed... Finished process in 1064.4117047786713 seconds.
pandas-41915 is analyzed... Finished process in 1225.3885021209717 seconds.
rasa-8704 is analyzed... Finished process in 218.81719708442688 seconds.
requests-3179 is analyzed... Finished process in 98.4904146194458 seconds.
requests-3368 is analyzed... Finished process in 98.69140481948853 seconds.
salt-33908 is analyzed... Finished process in 2156.2698469161987 seconds.
salt-38947 is analyzed... Finished process in 3035.7378358840942 seconds.
salt-52624 is analyzed... Finished process in 5576.469910860062 seconds.
salt-53394 is analyzed... Finished process in 5012.528215408325 seconds.
salt-54240 is analyzed... Finished process in 5316.230119228363 seconds.
salt-54785 is analyzed... Finished process in 5306.943491220474 seconds.
salt-56381 is analyzed... Finished process in 6373.887651443481 seconds.
sanic-1334 is analyzed... Finished process in 55.631951570510864 seconds.
scikitlearn-7259 is analyzed... Finished process in 288.09144616127014 seconds.
scikitlearn-8973 is analyzed... Finished process in 303.9410283565521 seconds.
scikitlearn-12603 is analyzed... Finished process in 348.37346267700195 seconds.
Zappa-388 is analyzed... Finished process in 28.893552780151367 seconds.
ansible-1 is analyzed... Finished process in 525.0055348873138 seconds.
keras-34 is analyzed... Finished process in 147.39900612831116 seconds.
keras-39 is analyzed... Finished process in 143.50886869430542 seconds.
luigi-4 is analyzed... Finished process in 118.3427186012268 seconds.
luigi-14 is analyzed... Finished process in 79.45912671089172 seconds.
luigi-22 is analyzed... Finished process in 69.31784415245056 seconds.
luigi-25 is analyzed... Finished process in 78.8274552822113 seconds.
pandas-49 is analyzed... Finished process in 1003.8957660198212 seconds.
pandas-57 is analyzed... Finished process in 988.6800372600555 seconds.
pandas-158 is analyzed... Finished process in 1045.523155450821 seconds.
scrapy-2 is analyzed... Finished process in 99.98269581794739 seconds.
scrapy-20 is analyzed... Finished process in 95.23703837394714 seconds.
scrapy-30 is analyzed... Finished process in 94.80666637420654 seconds.
spacy-5 is analyzed... Finished process in 140.38085198402405 seconds.
youtubedl-16 is analyzed... Finished process in 417.0402615070343 seconds.
cpython-6 is analyzed... Finished process in 1780.3379940986633 seconds.
matplotlib-3 is analyzed... Finished process in 449.5253117084503 seconds.
matplotlib-7 is analyzed... Finished process in 506.8628475666046 seconds.
matplotlib-8 is analyzed... Finished process in 506.265367269516 seconds.
matplotlib-10 is analyzed... Finished process in 552.9685046672821 seconds.
numpy-8 is analyzed... Finished process in 389.12783217430115 seconds.
Pillow-14 is analyzed... Finished process in 112.46191692352295 seconds.
Pillow-15 is analyzed... Finished process in 99.12602996826172 seconds.
Pillow-16 is analyzed... Finished process in 94.79337191581726 seconds.
Pillow-17 is analyzed... Finished process in 84.2038345336914 seconds.
requests-1 is analyzed... Finished process in 109.9193606376648 seconds.
scipy-5 is analyzed... Finished process in 728.266280412674 seconds.
sympy-5 is analyzed... Finished process in 3442.664182662964 seconds.
sympy-6 is analyzed... Finished process in 1960.763474702835 seconds.
sympy-36 is analyzed... Finished process in 3708.884284257889 seconds.
sympy-37 is analyzed... Finished process in 3743.0162427425385 seconds.
sympy-40 is analyzed... Finished process in 4199.659556627274 seconds.
sympy-42 is analyzed... Finished process in 2638.596688747406 seconds.
sympy-43 is analyzed... Finished process in 2503.761182785034 seconds.
sympy-44 is analyzed... Finished process in 1815.1983995437622 seconds.
sympy-45 is analyzed... Finished process in 1664.8430850505829 seconds.
sympy-48 is analyzed... Finished process in 723.3780348300934 seconds.
sympy-49 is analyzed... Finished process in 703.8617997169495 seconds.
sympy-60 is analyzed... Finished process in 853.3329720497131 seconds.
