airflow-3831 is analyzed... Finished process in 212.57861351966858 seconds.
airflow-4674 is analyzed... Finished process in 258.59931445121765 seconds.
airflow-5686 is analyzed... Finished process in 295.83662128448486 seconds.
airflow-6036 is analyzed... Finished process in 329.8114457130432 seconds.
airflow-8151 is analyzed... Finished process in 354.6948354244232 seconds.
airflow-14686 is analyzed... Finished process in 831.672146320343 seconds.
beets-3360 is analyzed... Finished process in 137.50396704673767 seconds.
core-8065 is analyzed... Finished process in 678.9883584976196 seconds.
core-29829 is analyzed... Finished process in 4462.347486257553 seconds.
core-32222 is analyzed... Finished process in 4838.860239982605 seconds.
core-32318 is analyzed... Finished process in 4964.749707221985 seconds.
core-40034 is analyzed... Finished process in 7160.567526340485 seconds.
pandas-17609 is analyzed... Finished process in 819.2331736087799 seconds.
pandas-20938 is analyzed... Finished process in 966.8840990066528 seconds.
pandas-21540 is analyzed... Finished process in 941.8393046855927 seconds.
pandas-22378 is analyzed... Finished process in 1033.435950756073 seconds.
pandas-22804 is analyzed... Finished process in 1102.3892769813538 seconds.
pandas-24572 is analyzed... Finished process in 1169.4878668785095 seconds.
pandas-28412 is analyzed... Finished process in 967.8246088027954 seconds.
pandas-30532 is analyzed... Finished process in 960.7524719238281 seconds.
pandas-36950 is analyzed... Finished process in 1235.16002202034 seconds.
pandas-37547 is analyzed... Finished process in 1269.086006641388 seconds.
pandas-38431 is analyzed... Finished process in 1201.294521331787 seconds.
pandas-39028-1 is analyzed... Finished process in 1163.252047777176 seconds.
pandas-41915 is analyzed... Finished process in 1403.7664132118225 seconds.
rasa-8704 is analyzed... Finished process in 221.27999234199524 seconds.
requests-3179 is analyzed... Finished process in 98.26312637329102 seconds.
requests-3368 is analyzed... Finished process in 96.03144550323486 seconds.
salt-33908 is analyzed... Finished process in 2381.203943014145 seconds.
salt-38947 is analyzed... Finished process in 3199.8284904956818 seconds.
salt-52624 is analyzed... Finished process in 6024.800419092178 seconds.
salt-53394 is analyzed... Finished process in 5272.7577250003815 seconds.
salt-54240 is analyzed... Finished process in 5756.163487911224 seconds.
salt-54785 is analyzed... Finished process in 5823.130592823029 seconds.
salt-56381 is analyzed... Finished process in 6886.69455742836 seconds.
sanic-1334 is analyzed... Finished process in 55.49778890609741 seconds.
scikitlearn-7259 is analyzed... Finished process in 294.9915130138397 seconds.
scikitlearn-8973 is analyzed... Finished process in 309.9918096065521 seconds.
scikitlearn-12603 is analyzed... Finished process in 364.39114356040955 seconds.
Zappa-388 is analyzed... Finished process in 29.59415864944458 seconds.
ansible-1 is analyzed... Finished process in 537.3331732749939 seconds.
keras-34 is analyzed... Finished process in 152.10442304611206 seconds.
keras-39 is analyzed... Finished process in 148.4137909412384 seconds.
luigi-4 is analyzed... Finished process in 121.49158644676208 seconds.
luigi-14 is analyzed... Finished process in 80.64925169944763 seconds.
luigi-22 is analyzed... Finished process in 70.53407645225525 seconds.
luigi-25 is analyzed... Finished process in 80.93829894065857 seconds.
pandas-49 is analyzed... Finished process in 1068.2910294532776 seconds.
pandas-57 is analyzed... Finished process in 1076.8230493068695 seconds.
pandas-158 is analyzed... Finished process in 970.8606963157654 seconds.
scrapy-2 is analyzed... Finished process in 102.89265394210815 seconds.
scrapy-20 is analyzed... Finished process in 96.8802900314331 seconds.
scrapy-30 is analyzed... Finished process in 94.1995530128479 seconds.
spacy-5 is analyzed... Finished process in 139.46238470077515 seconds.
youtubedl-16 is analyzed... Finished process in 467.61514949798584 seconds.
cpython-6 is analyzed... Finished process in 1906.936773300171 seconds.
matplotlib-3 is analyzed... Finished process in 471.6150016784668 seconds.
matplotlib-7 is analyzed... Finished process in 538.7811028957367 seconds.
matplotlib-8 is analyzed... Finished process in 539.489209651947 seconds.
matplotlib-10 is analyzed... Finished process in 606.5421652793884 seconds.
numpy-8 is analyzed... Finished process in 410.6004376411438 seconds.
Pillow-14 is analyzed... Finished process in 117.71185803413391 seconds.
Pillow-15 is analyzed... Finished process in 97.43750667572021 seconds.
Pillow-16 is analyzed... Finished process in 98.42455339431763 seconds.
Pillow-17 is analyzed... Finished process in 88.0711555480957 seconds.
requests-1 is analyzed... Finished process in 109.35396575927734 seconds.
scipy-5 is analyzed... Finished process in 775.2077724933624 seconds.
sympy-5 is analyzed... Finished process in 3801.7425487041473 seconds.
sympy-6 is analyzed... Finished process in 2107.163290500641 seconds.
sympy-36 is analyzed... Finished process in 3820.4307906627655 seconds.
sympy-37 is analyzed... Finished process in 3784.9233722686768 seconds.
sympy-40 is analyzed... Finished process in 3971.5585644245148 seconds.
sympy-42 is analyzed... Finished process in 2747.4842019081116 seconds.
sympy-43 is analyzed... Finished process in 2605.9430339336395 seconds.
sympy-44 is analyzed... Finished process in 1814.2695915699005 seconds.
sympy-45 is analyzed... Finished process in 1708.6009922027588 seconds.
sympy-48 is analyzed... Finished process in 733.4460315704346 seconds.
sympy-49 is analyzed... Finished process in 814.8981533050537 seconds.
sympy-60 is analyzed... Finished process in 866.3190350532532 seconds.
