airflow-3831 is analyzed... Finished process in 3600.029593229294 seconds.
airflow-4674 is analyzed... Finished process in 3600.0278639793396 seconds.
airflow-5686 is analyzed... Finished process in 325.9185652732849 seconds.
airflow-6036 is analyzed... Finished process in 531.8691432476044 seconds.
airflow-14686 is analyzed... Finished process in 1219.705126285553 seconds.
beets-3360 is analyzed... Finished process in 136.67449188232422 seconds.
core-8065 is analyzed... Finished process in 692.0707123279572 seconds.
core-29829 is analyzed... Finished process in 3600.022402048111 seconds.
core-32222 is analyzed... Finished process in 3600.026621580124 seconds.
core-32318 is analyzed... Finished process in 3600.025406360626 seconds.
core-38605 is analyzed... Finished process in 3600.025686979294 seconds.
pandas-17609 is analyzed... Finished process in 3600.02508354187 seconds.
pandas-20938 is analyzed... Finished process in 3190.5752029418945 seconds.
pandas-21540 is analyzed... Finished process in 3600.022018432617 seconds.
pandas-22378 is analyzed... Finished process in 3600.027755498886 seconds.
pandas-22804 is analyzed... Finished process in 3600.0266287326813 seconds.
pandas-24572 is analyzed... Finished process in 3600.0256905555725 seconds.
pandas-28412 is analyzed... Finished process in 2579.5041558742523 seconds.
pandas-30532 is analyzed... Finished process in 2633.0818498134613 seconds.
pandas-36950 is analyzed... Finished process in 3600.027125597 seconds.
pandas-37547 is analyzed... Finished process in 3600.0262331962585 seconds.
pandas-38431 is analyzed... Finished process in 3600.0278553962708 seconds.
pandas-39028-1 is analyzed... Finished process in 3600.0279450416565 seconds.
pandas-39028-2 is analyzed... Finished process in 3600.0282378196716 seconds.
pandas-41915 is analyzed... 