airflow-3831 is analyzed... Finished process in 18.965564727783203 seconds.
airflow-4674 is analyzed... Finished process in 21.50142550468445 seconds.
airflow-5686 is analyzed... Finished process in 25.982072591781616 seconds.
airflow-6036 is analyzed... Finished process in 26.89186143875122 seconds.
airflow-8151 is analyzed... Finished process in 27.24474048614502 seconds.
airflow-14686 is analyzed... Finished process in 45.98996877670288 seconds.
beets-3360 is analyzed... Finished process in 11.431453466415405 seconds.
core-8065 is analyzed... Finished process in 28.463119506835938 seconds.
core-29829 is analyzed... Finished process in 71.32739448547363 seconds.
core-32222 is analyzed... Finished process in 85.72073245048523 seconds.
core-32318 is analyzed... Finished process in 82.51673412322998 seconds.
core-38605 is analyzed... Finished process in 97.41044902801514 seconds.
core-40034 is analyzed... Finished process in 90.85866904258728 seconds.
pandas-17609 is analyzed... Finished process in 125.16910290718079 seconds.
pandas-20938 is analyzed... Finished process in 129.80525875091553 seconds.
pandas-21540 is analyzed... Finished process in 128.0624237060547 seconds.
pandas-22378 is analyzed... Finished process in 128.1625735759735 seconds.
pandas-22804 is analyzed... Finished process in 153.54807353019714 seconds.
pandas-24572 is analyzed... Finished process in 161.9540877342224 seconds.
pandas-28412 is analyzed... Finished process in 185.66488313674927 seconds.
pandas-30532 is analyzed... Finished process in 169.4533097743988 seconds.
pandas-36950 is analyzed... Finished process in 191.0672905445099 seconds.
pandas-37547 is analyzed... Finished process in 193.74739050865173 seconds.
pandas-38431 is analyzed... Finished process in 204.79326057434082 seconds.
pandas-39028-1 is analyzed... Finished process in 230.1051790714264 seconds.
pandas-39028-2 is analyzed... Finished process in 228.83482265472412 seconds.
pandas-41915 is analyzed... Finished process in 223.85079097747803 seconds.
rasa-8704 is analyzed... Finished process in 50.21938633918762 seconds.
requests-3179 is analyzed... Finished process in 5.525099992752075 seconds.
requests-3368 is analyzed... Finished process in 5.485398769378662 seconds.
salt-33908 is analyzed... Finished process in 69.4669599533081 seconds.
salt-38947 is analyzed... Finished process in 73.63321590423584 seconds.
salt-52624 is analyzed... Finished process in 96.48045587539673 seconds.
salt-53394 is analyzed... Finished process in 119.37213969230652 seconds.
salt-54240 is analyzed... Finished process in 99.56752395629883 seconds.
salt-54785 is analyzed... Finished process in 105.19285559654236 seconds.
salt-56381 is analyzed... Finished process in 231.17173027992249 seconds.
sanic-1334 is analyzed... Finished process in 5.065084218978882 seconds.
scikitlearn-7259 is analyzed... Finished process in 88.74916315078735 seconds.
scikitlearn-8973 is analyzed... Finished process in 95.46493792533875 seconds.
scikitlearn-12603 is analyzed... Finished process in 122.79638719558716 seconds.
Zappa-388 is analyzed... Finished process in 3.4627490043640137 seconds.
ansible-1 is analyzed... Finished process in 66.1472578048706 seconds.
keras-34 is analyzed... Finished process in 29.320169925689697 seconds.
keras-39 is analyzed... Finished process in 27.36507534980774 seconds.
luigi-4 is analyzed... Finished process in 10.705332517623901 seconds.
luigi-14 is analyzed... Finished process in 9.276318550109863 seconds.
luigi-22 is analyzed... Finished process in 7.947334051132202 seconds.
luigi-25 is analyzed... Finished process in 7.480201721191406 seconds.
pandas-49 is analyzed... Finished process in 183.24302911758423 seconds.
pandas-57 is analyzed... Finished process in 181.2262191772461 seconds.
pandas-158 is analyzed... Finished process in 177.60187458992004 seconds.
scrapy-2 is analyzed... Finished process in 9.237250566482544 seconds.
scrapy-20 is analyzed... Finished process in 8.652404069900513 seconds.
scrapy-30 is analyzed... Finished process in 8.470420837402344 seconds.
spacy-5 is analyzed... Finished process in 13.214439630508423 seconds.
tqdm-3 is analyzed... Finished process in 5.679564476013184 seconds.
youtubedl-16 is analyzed... Finished process in 23.663140058517456 seconds.
