airflow-3831 is analyzed... Finished process in 14.066710233688354 seconds.
airflow-4674 is analyzed... Finished process in 15.321016073226929 seconds.
airflow-5686 is analyzed... Finished process in 16.649733304977417 seconds.
airflow-6036 is analyzed... Finished process in 18.256207942962646 seconds.
airflow-8151 is analyzed... Finished process in 19.101665019989014 seconds.
airflow-14686 is analyzed... Finished process in 27.081339836120605 seconds.
beets-3360 is analyzed... Finished process in 6.682033538818359 seconds.
core-8065 is analyzed... Finished process in 22.24994421005249 seconds.
core-29829 is analyzed... Finished process in 50.90452527999878 seconds.
core-32222 is analyzed... Finished process in 53.022597551345825 seconds.
core-32318 is analyzed... Finished process in 52.56284213066101 seconds.
core-38605 is analyzed... Finished process in 61.02345561981201 seconds.
core-40034 is analyzed... Finished process in 60.8852698802948 seconds.
pandas-17609 is analyzed... Finished process in 31.988332986831665 seconds.
pandas-20938 is analyzed... Finished process in 33.46925735473633 seconds.
pandas-21540 is analyzed... Finished process in 33.619406938552856 seconds.
pandas-22378 is analyzed... Finished process in 34.391512393951416 seconds.
pandas-22804 is analyzed... Finished process in 50.29220747947693 seconds.
pandas-24572 is analyzed... Finished process in 55.167967081069946 seconds.
pandas-28412 is analyzed... Finished process in 63.62971353530884 seconds.
pandas-30532 is analyzed... Finished process in 35.75746440887451 seconds.
pandas-36950 is analyzed... Finished process in 40.05023264884949 seconds.
pandas-37547 is analyzed... Finished process in 39.66943073272705 seconds.
pandas-38431 is analyzed... Finished process in 43.24503493309021 seconds.
pandas-39028-1 is analyzed... Finished process in 40.525349617004395 seconds.
pandas-39028-2 is analyzed... Finished process in 40.40213418006897 seconds.
pandas-41915 is analyzed... Finished process in 202.49191069602966 seconds.
rasa-8704 is analyzed... Finished process in 17.75300931930542 seconds.
requests-3179 is analyzed... Finished process in 5.381019353866577 seconds.
requests-3368 is analyzed... Finished process in 5.3511552810668945 seconds.
salt-33908 is analyzed... Finished process in 73.7001564502716 seconds.
salt-38947 is analyzed... Finished process in 82.59222793579102 seconds.
salt-52624 is analyzed... Finished process in 81.98847579956055 seconds.
salt-53394 is analyzed... Finished process in 167.65606355667114 seconds.
salt-54240 is analyzed... Finished process in 78.70216703414917 seconds.
salt-54785 is analyzed... Finished process in 78.66113042831421 seconds.
salt-56381 is analyzed... Finished process in 86.93078231811523 seconds.
sanic-1334 is analyzed... Finished process in 3.1951913833618164 seconds.
scikitlearn-7259 is analyzed... Finished process in 31.51601481437683 seconds.
scikitlearn-8973 is analyzed... Finished process in 31.833820819854736 seconds.
scikitlearn-12603 is analyzed... Finished process in 33.24717855453491 seconds.
Zappa-388 is analyzed... Finished process in 3.069549798965454 seconds.
ansible-1 is analyzed... Finished process in 21.160189867019653 seconds.
keras-34 is analyzed... Finished process in 11.957163572311401 seconds.
keras-39 is analyzed... Finished process in 11.575956583023071 seconds.
luigi-4 is analyzed... Finished process in 7.430093288421631 seconds.
luigi-14 is analyzed... Finished process in 6.820696830749512 seconds.
luigi-22 is analyzed... Finished process in 6.393906593322754 seconds.
luigi-25 is analyzed... Finished process in 5.936973810195923 seconds.
pandas-49 is analyzed... Finished process in 34.8508186340332 seconds.
pandas-57 is analyzed... Finished process in 35.22589421272278 seconds.
pandas-158 is analyzed... Finished process in 61.244526624679565 seconds.
scrapy-2 is analyzed... Finished process in 6.607120752334595 seconds.
scrapy-20 is analyzed... Finished process in 6.645979166030884 seconds.
scrapy-30 is analyzed... Finished process in 6.816507339477539 seconds.
spacy-5 is analyzed... Finished process in 7.7884204387664795 seconds.
tqdm-3 is analyzed... Finished process in 3.9699060916900635 seconds.
youtubedl-16 is analyzed... Finished process in 21.862144470214844 seconds.
cpython-6 is analyzed... Finished process in 44.62535119056702 seconds.
matplotlib-3 is analyzed... Finished process in 39.6775848865509 seconds.
matplotlib-7 is analyzed... Finished process in 47.53191089630127 seconds.
matplotlib-8 is analyzed... Finished process in 36.48323202133179 seconds.
matplotlib-10 is analyzed... Finished process in 38.528393030166626 seconds.
numpy-8 is analyzed... Finished process in 18.188236713409424 seconds.
Pillow-14 is analyzed... Finished process in 18.980825185775757 seconds.
Pillow-15 is analyzed... Finished process in 19.75402331352234 seconds.
Pillow-16 is analyzed... Finished process in 17.94211220741272 seconds.
Pillow-17 is analyzed... Finished process in 16.781607389450073 seconds.
requests-1 is analyzed... Finished process in 5.00504994392395 seconds.
scipy-5 is analyzed... Finished process in 112.58135747909546 seconds.
sympy-5 is analyzed... Finished process in 264.1355299949646 seconds.
sympy-6 is analyzed... Finished process in 119.62682890892029 seconds.
sympy-36 is analyzed... Finished process in 262.07360434532166 seconds.
sympy-37 is analyzed... Finished process in 267.61870074272156 seconds.
sympy-40 is analyzed... Finished process in 224.79644298553467 seconds.
sympy-42 is analyzed... Finished process in 126.04080843925476 seconds.
sympy-43 is analyzed... Finished process in 133.55941915512085 seconds.
sympy-44 is analyzed... Finished process in 62.84794044494629 seconds.
sympy-45 is analyzed... Finished process in 57.05938482284546 seconds.
sympy-48 is analyzed... Finished process in 39.87129473686218 seconds.
sympy-49 is analyzed... Finished process in 39.506669998168945 seconds.
sympy-60 is analyzed... Finished process in 47.866034507751465 seconds.
