airflow-3831 is analyzed... Finished process in 10.020939588546753 seconds.
airflow-4674 is analyzed... Finished process in 10.93713641166687 seconds.
airflow-5686 is analyzed... Finished process in 12.84694242477417 seconds.
airflow-6036 is analyzed... Finished process in 13.098970890045166 seconds.
airflow-14686 is analyzed... Finished process in 21.264777898788452 seconds.
beets-3360 is analyzed... Finished process in 5.626180410385132 seconds.
core-8065 is analyzed... Finished process in 16.082098722457886 seconds.
core-29829 is analyzed... Finished process in 41.08449864387512 seconds.
core-32222 is analyzed... Finished process in 42.937541484832764 seconds.
core-32318 is analyzed... Finished process in 42.72021842002869 seconds.
core-38605 is analyzed... Finished process in 50.033039808273315 seconds.
pandas-17609 is analyzed... Finished process in 43.460511445999146 seconds.
pandas-20938 is analyzed... Finished process in 50.351280212402344 seconds.
pandas-21540 is analyzed... Finished process in 50.76637148857117 seconds.
pandas-22378 is analyzed... Finished process in 50.37843680381775 seconds.
pandas-22804 is analyzed... Finished process in 53.78579616546631 seconds.
pandas-24572 is analyzed... Finished process in 53.30143690109253 seconds.
pandas-28412 is analyzed... Finished process in 57.633500814437866 seconds.
pandas-30532 is analyzed... Finished process in 57.363192319869995 seconds.
pandas-36950 is analyzed... Finished process in 64.5112476348877 seconds.
pandas-37547 is analyzed... Finished process in 63.92491388320923 seconds.
pandas-38431 is analyzed... Finished process in 66.9121503829956 seconds.
pandas-39028-1 is analyzed... Finished process in 67.56696033477783 seconds.
pandas-39028-2 is analyzed... Finished process in 67.32900404930115 seconds.
pandas-41915 is analyzed... Finished process in 72.25557541847229 seconds.
rasa-8704 is analyzed... Finished process in 12.044365644454956 seconds.
requests-3179 is analyzed... Finished process in 4.198524236679077 seconds.
requests-3368 is analyzed... Finished process in 4.187044382095337 seconds.
salt-33908 is analyzed... Finished process in 49.67322301864624 seconds.
salt-50958 is analyzed... Finished process in 89.30700278282166 seconds.
salt-52624 is analyzed... Finished process in 64.64003920555115 seconds.
salt-53394 is analyzed... Finished process in 88.863112449646 seconds.
salt-54240 is analyzed... Finished process in 63.70231032371521 seconds.
salt-54785 is analyzed... Finished process in 63.088353633880615 seconds.
salt-56094 is analyzed... Finished process in 70.83091187477112 seconds.
salt-56381 is analyzed... Finished process in 72.12162041664124 seconds.
sanic-1334 is analyzed... Finished process in 2.719191312789917 seconds.
scikitlearn-7259 is analyzed... Finished process in 17.526968240737915 seconds.
scikitlearn-8973 is analyzed... Finished process in 17.97022795677185 seconds.
scikitlearn-12603 is analyzed... Finished process in 21.815282106399536 seconds.
Zaapa-388 is analyzed... Finished process in 0.5959625244140625 seconds.
