airflow-3831 is analyzed... Finished process in 12.087014436721802 seconds.
airflow-4674 is analyzed... Finished process in 14.321789026260376 seconds.
airflow-5686 is analyzed... Finished process in 13.649147987365723 seconds.
airflow-6036 is analyzed... Finished process in 14.782052755355835 seconds.
airflow-8151 is analyzed... Finished process in 15.054130554199219 seconds.
airflow-14686 is analyzed... Finished process in 21.570114612579346 seconds.
beets-3360 is analyzed... Finished process in 5.416728496551514 seconds.
core-8065 is analyzed... Finished process in 16.66403341293335 seconds.
core-29829 is analyzed... Finished process in 36.79742646217346 seconds.
core-32222 is analyzed... Finished process in 38.182220220565796 seconds.
core-32318 is analyzed... Finished process in 38.81160926818848 seconds.
core-38605 is analyzed... Finished process in 46.9628119468689 seconds.
core-40034 is analyzed... Finished process in 46.25025987625122 seconds.
pandas-17609 is analyzed... Finished process in 30.189504861831665 seconds.
pandas-20938 is analyzed... Finished process in 46.147528886795044 seconds.
pandas-21540 is analyzed... Finished process in 33.9434974193573 seconds.
pandas-22378 is analyzed... Finished process in 35.23863172531128 seconds.
pandas-22804 is analyzed... Finished process in 69.22849440574646 seconds.
pandas-24572 is analyzed... Finished process in 74.89280080795288 seconds.
pandas-28412 is analyzed... Finished process in 73.71876311302185 seconds.
pandas-30532 is analyzed... Finished process in 52.98413443565369 seconds.
pandas-36950 is analyzed... Finished process in 58.49120235443115 seconds.
pandas-37547 is analyzed... Finished process in 59.58484935760498 seconds.
pandas-38431 is analyzed... Finished process in 69.47314929962158 seconds.
pandas-39028-1 is analyzed... Finished process in 70.5477180480957 seconds.
pandas-39028-2 is analyzed... Finished process in 70.25676679611206 seconds.
rasa-8704 is analyzed... Finished process in 38.94516086578369 seconds.
requests-3179 is analyzed... Finished process in 5.590352535247803 seconds.
requests-3368 is analyzed... Finished process in 6.299780368804932 seconds.
salt-33908 is analyzed... Finished process in 66.3570487499237 seconds.
salt-38947 is analyzed... Finished process in 79.49633741378784 seconds.
salt-52624 is analyzed... Finished process in 67.5951509475708 seconds.
salt-53394 is analyzed... Finished process in 89.51867651939392 seconds.
salt-54240 is analyzed... Finished process in 65.19919848442078 seconds.
salt-54785 is analyzed... Finished process in 61.86337852478027 seconds.
salt-56381 is analyzed... Finished process in 70.23935031890869 seconds.
sanic-1334 is analyzed... Finished process in 2.9365639686584473 seconds.
scikitlearn-7259 is analyzed... Finished process in 42.93431234359741 seconds.
scikitlearn-8973 is analyzed... Finished process in 44.07186698913574 seconds.
scikitlearn-12603 is analyzed... Finished process in 45.14960789680481 seconds.
Zappa-388 is analyzed... Finished process in 2.7422103881835938 seconds.
