airflow-3831 is analyzed... Finished process in 0.7021510601043701 seconds.
airflow-4674 is analyzed... Finished process in 0.6717817783355713 seconds.
airflow-5686 is analyzed... Finished process in 0.6457834243774414 seconds.
airflow-6036 is analyzed... Finished process in 0.649630069732666 seconds.
airflow-8151 is analyzed... Finished process in 0.6790087223052979 seconds.
airflow-14686 is analyzed... Finished process in 0.6876959800720215 seconds.
beets-3360 is analyzed... Finished process in 0.6936419010162354 seconds.
core-8065 is analyzed... Finished process in 0.6753494739532471 seconds.
core-29829 is analyzed... Finished process in 0.6411685943603516 seconds.
core-32222 is analyzed... Finished process in 0.6428251266479492 seconds.
core-32318 is analyzed... Finished process in 0.6415932178497314 seconds.
core-38605 is analyzed... Finished process in 0.6859562397003174 seconds.
core-40034 is analyzed... Finished process in 0.6763639450073242 seconds.
pandas-17609 is analyzed... Finished process in 0.6852982044219971 seconds.
pandas-20938 is analyzed... Finished process in 0.6561882495880127 seconds.
pandas-21540 is analyzed... Finished process in 0.6766295433044434 seconds.
pandas-22378 is analyzed... Finished process in 0.6442952156066895 seconds.
pandas-22804 is analyzed... Finished process in 0.6455361843109131 seconds.
pandas-24572 is analyzed... Finished process in 0.6291961669921875 seconds.
pandas-28412 is analyzed... Finished process in 0.631716251373291 seconds.
pandas-30532 is analyzed... Finished process in 0.6562771797180176 seconds.
pandas-36950 is analyzed... Finished process in 0.646475076675415 seconds.
pandas-37547 is analyzed... Finished process in 0.6350555419921875 seconds.
pandas-38431 is analyzed... Finished process in 0.6235594749450684 seconds.
pandas-39028-1 is analyzed... Finished process in 0.6432256698608398 seconds.
pandas-39028-2 is analyzed... Finished process in 0.6460127830505371 seconds.
pandas-41915 is analyzed... Finished process in 0.6280550956726074 seconds.
rasa-8704 is analyzed... Finished process in 0.6368203163146973 seconds.
requests-3179 is analyzed... Finished process in 0.6385667324066162 seconds.
requests-3368 is analyzed... Finished process in 0.6485538482666016 seconds.
salt-33908 is analyzed... Finished process in 0.6434924602508545 seconds.
salt-38947 is analyzed... Finished process in 0.6605660915374756 seconds.
salt-52624 is analyzed... Finished process in 0.6409602165222168 seconds.
salt-53394 is analyzed... Finished process in 0.6789989471435547 seconds.
salt-54240 is analyzed... Finished process in 0.6097502708435059 seconds.
salt-54785 is analyzed... Finished process in 0.607128381729126 seconds.
salt-56381 is analyzed... Finished process in 0.6623454093933105 seconds.
sanic-1334 is analyzed... Finished process in 0.6835098266601562 seconds.
scikitlearn-7259 is analyzed... Finished process in 0.6639547348022461 seconds.
scikitlearn-8973 is analyzed... Finished process in 0.6875967979431152 seconds.
scikitlearn-12603 is analyzed... Finished process in 0.6410431861877441 seconds.
Zappa-388 is analyzed... Finished process in 0.6424167156219482 seconds.
ansible-1 is analyzed... Finished process in 0.6580548286437988 seconds.
keras-34 is analyzed... Finished process in 0.6509110927581787 seconds.
keras-39 is analyzed... Finished process in 0.6501390933990479 seconds.
luigi-4 is analyzed... Finished process in 0.676034688949585 seconds.
luigi-14 is analyzed... Finished process in 0.6885471343994141 seconds.
luigi-22 is analyzed... Finished process in 0.6486554145812988 seconds.
luigi-25 is analyzed... Finished process in 0.6455106735229492 seconds.
pandas-49 is analyzed... Finished process in 0.6447348594665527 seconds.
pandas-57 is analyzed... Finished process in 0.6410815715789795 seconds.
pandas-158 is analyzed... Finished process in 0.643852710723877 seconds.
scrapy-2 is analyzed... Finished process in 0.6457746028900146 seconds.
scrapy-20 is analyzed... Finished process in 0.6448359489440918 seconds.
scrapy-30 is analyzed... Finished process in 0.6615588665008545 seconds.
spacy-5 is analyzed... Finished process in 0.6219160556793213 seconds.
tqdm-3 is analyzed... Finished process in 0.6429026126861572 seconds.
youtubedl-16 is analyzed... Finished process in 0.6220884323120117 seconds.
cpython-6 is analyzed... Finished process in 56.015475273132324 seconds.
matplotlib-3 is analyzed... Finished process in 93.15908980369568 seconds.
matplotlib-7 is analyzed... Finished process in 65.37314033508301 seconds.
matplotlib-8 is analyzed... Finished process in 65.60147905349731 seconds.
matplotlib-10 is analyzed... Finished process in 81.44521951675415 seconds.
numpy-8 is analyzed... Finished process in 20.708862781524658 seconds.
Pillow-14 is analyzed... Finished process in 0.6432452201843262 seconds.
Pillow-15 is analyzed... Finished process in 0.6804854869842529 seconds.
Pillow-16 is analyzed... Finished process in 0.6429867744445801 seconds.
Pillow-17 is analyzed... Finished process in 0.6287102699279785 seconds.
requests-1 is analyzed... Finished process in 0.6267154216766357 seconds.
scipy-5 is analyzed... Finished process in 0.6429803371429443 seconds.
sympy-5 is analyzed... Finished process in 0.6453537940979004 seconds.
sympy-6 is analyzed... Finished process in 0.6428849697113037 seconds.
sympy-36 is analyzed... Finished process in 0.6416451930999756 seconds.
sympy-37 is analyzed... Finished process in 0.6285169124603271 seconds.
sympy-40 is analyzed... Finished process in 0.642524242401123 seconds.
sympy-42 is analyzed... Finished process in 0.6465308666229248 seconds.
sympy-43 is analyzed... Finished process in 0.6436693668365479 seconds.
sympy-44 is analyzed... Finished process in 0.6440868377685547 seconds.
sympy-45 is analyzed... Finished process in 0.642261266708374 seconds.
sympy-48 is analyzed... Finished process in 0.6658220291137695 seconds.
sympy-49 is analyzed... Finished process in 0.6338326930999756 seconds.
sympy-60 is analyzed... 