cpython-6 is analyzed... Finished process in 88.51839780807495 seconds.
matplotlib-3 is analyzed... Finished process in 139.35303330421448 seconds.
matplotlib-7 is analyzed... Finished process in 101.57428288459778 seconds.
matplotlib-8 is analyzed... Finished process in 103.85382795333862 seconds.
matplotlib-10 is analyzed... Finished process in 113.22122979164124 seconds.
numpy-8 is analyzed... Finished process in 33.09614181518555 seconds.
Pillow-14 is analyzed... Finished process in 25.75072193145752 seconds.
Pillow-15 is analyzed... Finished process in 23.41066312789917 seconds.
Pillow-16 is analyzed... Finished process in 21.417317390441895 seconds.
Pillow-17 is analyzed... Finished process in 21.955676555633545 seconds.
requests-1 is analyzed... Finished process in 5.572897434234619 seconds.
scipy-5 is analyzed... Finished process in 520.900787115097 seconds.
sympy-5 is analyzed... Finished process in 439.60093545913696 seconds.
sympy-6 is analyzed... Finished process in 173.97533988952637 seconds.
sympy-36 is analyzed... Finished process in 388.5412425994873 seconds.
sympy-37 is analyzed... Finished process in 338.10770893096924 seconds.
sympy-40 is analyzed... Finished process in 321.910519361496 seconds.
sympy-42 is analyzed... Finished process in 166.90574288368225 seconds.
sympy-43 is analyzed... Finished process in 143.68353486061096 seconds.
sympy-44 is analyzed... Finished process in 99.51196074485779 seconds.
sympy-45 is analyzed... Finished process in 97.17036414146423 seconds.
sympy-48 is analyzed... Finished process in 64.86893057823181 seconds.
sympy-49 is analyzed... Finished process in 59.565847873687744 seconds.
sympy-60 is analyzed... Finished process in 71.24896812438965 seconds.
