cpython-6 is analyzed... Finished process in 46.566664695739746 seconds.
matplotlib-3 is analyzed... Finished process in 0.6371147632598877 seconds.
matplotlib-7 is analyzed... Finished process in 135.8095304965973 seconds.
matplotlib-8 is analyzed... Finished process in 131.00510239601135 seconds.
matplotlib-10 is analyzed... Finished process in 219.91931056976318 seconds.
numpy-8 is analyzed... Finished process in 17.82484006881714 seconds.
Pillow-14 is analyzed... Finished process in 59.034801721572876 seconds.
Pillow-15 is analyzed... Finished process in 11.326118230819702 seconds.
Pillow-16 is analyzed... Finished process in 59.20506048202515 seconds.
Pillow-17 is analyzed... Finished process in 182.97888922691345 seconds.
requests-1 is analyzed... Finished process in 195.40666365623474 seconds.
scipy-5 is analyzed... Finished process in 602.4668278694153 seconds.
sympy-5 is analyzed... Finished process in 979.2566750049591 seconds.
sympy-6 is analyzed... Finished process in 664.52685713768 seconds.
sympy-36 is analyzed... Finished process in 914.9552018642426 seconds.
sympy-37 is analyzed... Finished process in 948.8752133846283 seconds.
sympy-40 is analyzed... Finished process in 889.1865661144257 seconds.
sympy-42 is analyzed... Finished process in 696.082765340805 seconds.
sympy-43 is analyzed... Finished process in 665.8952555656433 seconds.
sympy-44 is analyzed... Finished process in 421.03076457977295 seconds.
sympy-45 is analyzed... Finished process in 430.96470499038696 seconds.
sympy-48 is analyzed... Finished process in 632.7017297744751 seconds.
sympy-49 is analyzed... Finished process in 679.0219011306763 seconds.
sympy-60 is analyzed... Finished process in 107.49271726608276 seconds.
