airflow-3831 is analyzed... Finished process in 72.41802716255188 seconds.
airflow-4674 is analyzed... Finished process in 73.72322177886963 seconds.
airflow-5686 is analyzed... Finished process in 2405.315392971039 seconds.
airflow-6036 is analyzed... Finished process in 2977.313019990921 seconds.
airflow-8151 is analyzed... Finished process in 574.3371648788452 seconds.
airflow-14686 is analyzed... Finished process in 141.11195755004883 seconds.
beets-3360 is analyzed... Finished process in 3772.4304022789 seconds.
core-8065 is analyzed... Finished process in 78.8413941860199 seconds.
core-29829 is analyzed... Finished process in 170.07911133766174 seconds.
core-32222 is analyzed... Finished process in 18000.05669426918 seconds.
core-32318 is analyzed... Finished process in 177.66200399398804 seconds.
core-38605 is analyzed... Finished process in 252.26457381248474 seconds.
core-40034 is analyzed... Finished process in 2480.787916660309 seconds.
pandas-17609 is analyzed... Finished process in 23669.381318092346 seconds.
pandas-20938 is analyzed... Finished process in 12757.804750442505 seconds.
pandas-21540 is analyzed... Finished process in 11737.936159133911 seconds.
pandas-22378 is analyzed... Finished process in 12203.121124267578 seconds.
pandas-22804 is analyzed... Finished process in 6540.804109334946 seconds.
pandas-24572 is analyzed... Finished process in 6786.946491718292 seconds.
pandas-28412 is analyzed... Finished process in 4959.269831418991 seconds.
pandas-30532 is analyzed... Finished process in 4732.1691110134125 seconds.
pandas-36950 is analyzed... Finished process in 5800.944039344788 seconds.
pandas-37547 is analyzed... Finished process in 5760.779580354691 seconds.
pandas-38431 is analyzed... Finished process in 5825.134312391281 seconds.
pandas-39028-1 is analyzed... Finished process in 5750.145770788193 seconds.
pandas-39028-2 is analyzed... Finished process in 5877.281892299652 seconds.
pandas-41915 is analyzed... Finished process in 6251.701486587524 seconds.
rasa-8704 is analyzed... Finished process in 1547.8291850090027 seconds.
requests-3179 is analyzed... Finished process in 182.56071090698242 seconds.
requests-3368 is analyzed... Finished process in 218.8016800880432 seconds.
salt-33908 is analyzed... Finished process in 18000.02026939392 seconds.
salt-38947 is analyzed... Finished process in 18000.022867918015 seconds.
salt-52624 is analyzed... Finished process in 18000.023611068726 seconds.
salt-53394 is analyzed... Finished process in 18000.03088736534 seconds.
salt-54240 is analyzed... Finished process in 18000.02117419243 seconds.
salt-54785 is analyzed... Finished process in 18000.03218150139 seconds.
salt-56381 is analyzed... Finished process in 18000.03073000908 seconds.
sanic-1334 is analyzed... Finished process in 134.29051899909973 seconds.
scikitlearn-7259 is analyzed... Finished process in 1256.1882784366608 seconds.
scikitlearn-8973 is analyzed... Finished process in 1480.3342583179474 seconds.
scikitlearn-12603 is analyzed... Finished process in 1466.1469039916992 seconds.
Zappa-388 is analyzed... Finished process in 55.20482349395752 seconds.
ansible-1 is analyzed... Finished process in 726.1659893989563 seconds.
keras-34 is analyzed... Finished process in 138.2646508216858 seconds.
keras-39 is analyzed... Finished process in 132.12323927879333 seconds.
luigi-4 is analyzed... Finished process in 85.18761372566223 seconds.
luigi-14 is analyzed... Finished process in 86.01536178588867 seconds.
luigi-22 is analyzed... Finished process in 89.76548671722412 seconds.
luigi-25 is analyzed... Finished process in 86.37024021148682 seconds.
pandas-49 is analyzed... Finished process in 376.14428448677063 seconds.
pandas-57 is analyzed... Finished process in 376.5486934185028 seconds.
pandas-158 is analyzed... Finished process in 429.98108768463135 seconds.
scrapy-2 is analyzed... Finished process in 412.2584865093231 seconds.
scrapy-20 is analyzed... Finished process in 548.9834322929382 seconds.
scrapy-30 is analyzed... Finished process in 580.9738872051239 seconds.
spacy-5 is analyzed... Finished process in 2551.054799079895 seconds.
tqdm-3 is analyzed... Finished process in 25.048359394073486 seconds.
youtubedl-16 is analyzed... Finished process in 106.94528198242188 seconds.
cpython-6 is analyzed... Finished process in 46.566664695739746 seconds.
matplotlib-3 is analyzed... Finished process in 0.6371147632598877 seconds.
matplotlib-7 is analyzed... Finished process in 135.8095304965973 seconds.
matplotlib-8 is analyzed... Finished process in 131.00510239601135 seconds.
matplotlib-10 is analyzed... Finished process in 219.91931056976318 seconds.
numpy-8 is analyzed... Finished process in 17.82484006881714 seconds.
Pillow-14 is analyzed... Finished process in 59.034801721572876 seconds.
Pillow-15 is analyzed... Finished process in 11.326118230819702 seconds.
Pillow-16 is analyzed... Finished process in 59.20506048202515 seconds.
Pillow-17 is analyzed... Finished process in 182.97888922691345 seconds.
requests-1 is analyzed... Finished process in 195.40666365623474 seconds.
scipy-5 is analyzed... Finished process in 602.4668278694153 seconds.
sympy-5 is analyzed... Finished process in 979.2566750049591 seconds.
sympy-6 is analyzed... Finished process in 664.52685713768 seconds.
sympy-36 is analyzed... Finished process in 914.9552018642426 seconds.
sympy-37 is analyzed... Finished process in 948.8752133846283 seconds.
sympy-40 is analyzed... Finished process in 889.1865661144257 seconds.
sympy-42 is analyzed... Finished process in 696.082765340805 seconds.
sympy-43 is analyzed... Finished process in 665.8952555656433 seconds.
sympy-44 is analyzed... Finished process in 421.03076457977295 seconds.
sympy-45 is analyzed... Finished process in 430.96470499038696 seconds.
sympy-48 is analyzed... Finished process in 632.7017297744751 seconds.
sympy-49 is analyzed... Finished process in 679.0219011306763 seconds.
sympy-60 is analyzed... Finished process in 107.49271726608276 seconds.
