airflow-3831 is analyzed... Finished process in 573.8281276226044 seconds.
airflow-4674 is analyzed... Finished process in 481.060421705246 seconds.
airflow-5686 is analyzed... Finished process in 33.250417947769165 seconds.
airflow-6036 is analyzed... Finished process in 38.719889402389526 seconds.
airflow-8151 is analyzed... Finished process in 0.5828619003295898 seconds.
airflow-14686 is analyzed... Finished process in 1254.1312131881714 seconds.
beets-3360 is analyzed... Finished process in 8.551701068878174 seconds.
core-8065 is analyzed... Finished process in 265.61410689353943 seconds.
core-29829 is analyzed... Finished process in 1993.2435805797577 seconds.
core-32222 is analyzed... Finished process in 220.54230165481567 seconds.
core-32318 is analyzed... Finished process in 2047.082431793213 seconds.
core-38605 is analyzed... Finished process in 2374.3448173999786 seconds.
core-40034 is analyzed... Finished process in 0.5355033874511719 seconds.
pandas-17609 is analyzed... Finished process in 49.08712315559387 seconds.
pandas-20938 is analyzed... Finished process in 54.633612394332886 seconds.
pandas-21540 is analyzed... Finished process in 52.435222148895264 seconds.
pandas-22378 is analyzed... Finished process in 58.16922688484192 seconds.
pandas-22804 is analyzed... Finished process in 63.750046253204346 seconds.
pandas-24572 is analyzed... Finished process in 60.59170436859131 seconds.
pandas-28412 is analyzed... Finished process in 59.71133875846863 seconds.
pandas-30532 is analyzed... Finished process in 39.637612104415894 seconds.
pandas-36950 is analyzed... Finished process in 12.217097282409668 seconds.
pandas-37547 is analyzed... Finished process in 16.071589946746826 seconds.
pandas-38431 is analyzed... Finished process in 14.851871252059937 seconds.
pandas-39028-1 is analyzed... Finished process in 9.329238653182983 seconds.
pandas-39028-2 is analyzed... Finished process in 23.38359498977661 seconds.
pandas-41915 is analyzed... Finished process in 14.455978631973267 seconds.
rasa-8704 is analyzed... Finished process in 35.887651681900024 seconds.
requests-3179 is analyzed... Finished process in 6.030863046646118 seconds.
requests-3368 is analyzed... Finished process in 6.827112674713135 seconds.
salt-33908 is analyzed... Finished process in 40.69433665275574 seconds.
salt-38947 is analyzed... Finished process in 0.5780899524688721 seconds.
salt-50958 is analyzed... Finished process in 62.413028717041016 seconds.
salt-52624 is analyzed... Finished process in 64.79008173942566 seconds.
salt-53394 is analyzed... Finished process in 62.58855938911438 seconds.
salt-54240 is analyzed... Finished process in 64.94569516181946 seconds.
salt-54785 is analyzed... Finished process in 64.84249782562256 seconds.
salt-56094 is analyzed... Finished process in 70.57696795463562 seconds.
salt-56381 is analyzed... Finished process in 71.19427466392517 seconds.
sanic-1334 is analyzed... Finished process in 14.784179210662842 seconds.
scikitlearn-7259 is analyzed... Finished process in 41.71397566795349 seconds.
scikitlearn-8973 is analyzed... Finished process in 42.11222004890442 seconds.
scikitlearn-12603 is analyzed... Finished process in 45.18674349784851 seconds.
Zaapa-388 is analyzed... Finished process in 0.5472416877746582 seconds.
ansible-1 is analyzed... Finished process in 0.5452890396118164 seconds.
keras-34 is analyzed... Finished process in 0.5869204998016357 seconds.
keras-39 is analyzed... Finished process in 0.5492660999298096 seconds.
luigi-3 is analyzed... Finished process in 0.5483791828155518 seconds.
luigi-4 is analyzed... Finished process in 0.5491201877593994 seconds.
luigi-14 is analyzed... Finished process in 0.540884256362915 seconds.
luigi-22 is analyzed... Finished process in 0.5474066734313965 seconds.
luigi-25 is analyzed... Finished process in 0.5762753486633301 seconds.
pandas-49 is analyzed... Finished process in 0.5819790363311768 seconds.
pandas-57 is analyzed... Finished process in 0.5509681701660156 seconds.
pandas-158 is analyzed... Finished process in 0.5397279262542725 seconds.
scrapy-2 is analyzed... Finished process in 0.5482292175292969 seconds.
scrapy-20 is analyzed... Finished process in 0.5396769046783447 seconds.
scrapy-30 is analyzed... Finished process in 0.5419139862060547 seconds.
spacy-5 is analyzed... Finished process in 0.5413336753845215 seconds.
tornado-7 is analyzed... Finished process in 0.5388302803039551 seconds.
tqdm-3 is analyzed... Finished process in 0.5402758121490479 seconds.
